17:29:16 **** Rebuild of configuration Debug for project ASS_EX2 ****
Info: Internal Builder is used for build
gcc -O0 -g3 -Wall -c -fmessage-length=0 -o ex2main.o "..\\ex2main.c" 
gcc -o ASS_EX2.exe ex2main.o 
Info: Nothing to build for ASS_EX2
Info: Nothing to build for ASS_EX2
17:31:20 **** Incremental Build of configuration Debug for project ASS_EX2 ****
Info: Internal Builder is used for build
gcc -O0 -g3 -Wall -c -fmessage-length=0 -o ex2main.o "..\\ex2main.c" 
gcc -o ASS_EX2.exe ex2main.o 
Info: Nothing to build for ASS_EX2
17:32:04 **** Incremental Build of configuration Debug for project ASS_EX2 ****
Info: Internal Builder is used for build
gcc -O0 -g3 -Wall -c -fmessage-length=0 -o ex2main.o "..\\ex2main.c" 
gcc -o ASS_EX2.exe ex2main.o 
Info: Nothing to build for ASS_EX2
17:35:20 **** Rebuild of configuration Debug for project ASS1_EX1 ****
Info: Internal Builder is used for build
gcc -O0 -g3 -Wall -c -fmessage-length=0 -o ex1main.o "..\\ex1main.c" 
gcc -o ASS1_EX1.exe ex1main.o 
Info: Nothing to build for ASS_EX2
Info: Nothing to build for ASS1_EX1
Info: Nothing to build for ASS1_EX1
17:41:55 **** Rebuild of configuration Debug for project ASS1_EX3 ****
Info: Internal Builder is used for build
gcc -O0 -g3 -Wall -c -fmessage-length=0 -o ex3main.o "..\\ex3main.c" 
gcc -o ASS1_EX3.exe ex3main.o 
Info: Nothing to build for ASS_EX2
Info: Nothing to build for ASS1_EX3
Info: Nothing to build for ASS1_EX1
Info: Nothing to build for ASS1_EX3
17:44:23 **** Rebuild of configuration Debug for project ASS1_EX4 ****
Info: Internal Builder is used for build
gcc -O0 -g3 -Wall -c -fmessage-length=0 -o ex4main.o "..\\ex4main.c" 
..\ex4main.c: In function 'main':
..\ex4main.c:9:10: warning: format '%f' expects argument of type 'float *', but argument 2 has type 'int *' [-Wformat=]
  scanf("%f %f", &x, &y);
          ^
..\ex4main.c:9:13: warning: format '%f' expects argument of type 'float *', but argument 3 has type 'int *' [-Wformat=]
  scanf("%f %f", &x, &y);
             ^
..\ex4main.c:10:16: warning: format '%f' expects argument of type 'double', but argument 2 has type 'int' [-Wformat=]
  printf("sum: %f", x*y);
                ^
gcc -o ASS1_EX4.exe ex4main.o 
Info: Nothing to build for ASS_EX2
Info: Nothing to build for ASS1_EX1
Info: Nothing to build for ASS1_EX3
17:44:39 **** Incremental Build of configuration Debug for project ASS1_EX4 ****
Info: Internal Builder is used for build
gcc -O0 -g3 -Wall -c -fmessage-length=0 -o ex4main.o "..\\ex4main.c" 
gcc -o ASS1_EX4.exe ex4main.o 
Info: Nothing to build for ASS_EX2
Info: Nothing to build for ASS1_EX4
Info: Nothing to build for ASS1_EX1
Info: Nothing to build for ASS1_EX3
Info: Nothing to build for ASS1_EX4
Info: Nothing to build for ASS_EX2
Info: Nothing to build for ASS1_EX4
Info: Nothing to build for ASS1_EX1
Info: Nothing to build for ASS1_EX3
Info: Nothing to build for ASS1_EX4
Info: Nothing to build for ASS_EX2
Info: Nothing to build for ASS1_EX4
Info: Nothing to build for ASS1_EX1
Info: Nothing to build for ASS1_EX3
Info: Nothing to build for ASS1_EX4
17:48:47 **** Rebuild of configuration Debug for project ASS1_EX5 ****
Info: Internal Builder is used for build
gcc -O0 -g3 -Wall -c -fmessage-length=0 -o ex5main.o "..\\ex5main.c" 
gcc -o ASS1_EX5.exe ex5main.o 
Info: Nothing to build for ASS_EX2
Info: Nothing to build for ASS1_EX5
Info: Nothing to build for ASS1_EX1
Info: Nothing to build for ASS1_EX3
Info: Nothing to build for ASS1_EX4
Info: Nothing to build for ASS1_EX5
17:58:26 **** Rebuild of configuration Debug for project ASS1_EX6 ****
Info: Internal Builder is used for build
gcc -O0 -g3 -Wall -c -fmessage-length=0 -o ex6main.o "..\\ex6main.c" 
..\ex6main.c: In function 'main':
..\ex6main.c:8:2: warning: initialization makes pointer from integer without a cast [-Wint-conversion]
  printf("Enter value of a: ");
  ^~~~~~
..\ex6main.c:7:9: warning: unused variable 'p' [-Wunused-variable]
  float *p =
         ^
gcc -o ASS1_EX6.exe ex6main.o 
Info: Nothing to build for ASS_EX2
Info: Nothing to build for ASS1_EX6
Info: Nothing to build for ASS1_EX1
Info: Nothing to build for ASS1_EX3
Info: Nothing to build for ASS1_EX4
Info: Nothing to build for ASS1_EX5
17:58:58 **** Incremental Build of configuration Debug for project ASS1_EX6 ****
Info: Internal Builder is used for build
gcc -O0 -g3 -Wall -c -fmessage-length=0 -o ex6main.o "..\\ex6main.c" 
..\ex6main.c: In function 'main':
..\ex6main.c:8:2: warning: initialization makes pointer from integer without a cast [-Wint-conversion]
  printf("Enter value of a: ");
  ^~~~~~
..\ex6main.c:7:9: warning: unused variable 'p' [-Wunused-variable]
  float *p =
         ^
gcc -o ASS1_EX6.exe ex6main.o 
Info: Nothing to build for ASS_EX2
Info: Nothing to build for ASS1_EX6
Info: Nothing to build for ASS1_EX1
Info: Nothing to build for ASS1_EX3
Info: Nothing to build for ASS1_EX4
Info: Nothing to build for ASS1_EX5
17:59:56 **** Incremental Build of configuration Debug for project ASS1_EX6 ****
Info: Internal Builder is used for build
gcc -O0 -g3 -Wall -c -fmessage-length=0 -o ex6main.o "..\\ex6main.c" 
..\ex6main.c: In function 'main':
..\ex6main.c:10:2: warning: initialization makes pointer from integer without a cast [-Wint-conversion]
  printf("Enter value of a: ");
  ^~~~~~
..\ex6main.c:9:9: warning: unused variable 'p' [-Wunused-variable]
  float *p =
         ^
gcc -o ASS1_EX6.exe ex6main.o 
Info: Nothing to build for ASS_EX2
Info: Nothing to build for ASS1_EX1
Info: Nothing to build for ASS1_EX3
Info: Nothing to build for ASS1_EX4
Info: Nothing to build for ASS1_EX5
18:00:53 **** Incremental Build of configuration Debug for project ASS1_EX6 ****
Info: Internal Builder is used for build
gcc -O0 -g3 -Wall -c -fmessage-length=0 -o ex6main.o "..\\ex6main.c" 
gcc -o ASS1_EX6.exe ex6main.o 
Info: Nothing to build for ASS_EX2
Info: Nothing to build for ASS1_EX6
Info: Nothing to build for ASS1_EX1
Info: Nothing to build for ASS1_EX3
Info: Nothing to build for ASS1_EX4
Info: Nothing to build for ASS1_EX5
Info: Nothing to build for ASS1_EX6
18:12:03 **** Rebuild of configuration Debug for project ASS2_EX1 ****
Info: Internal Builder is used for build
gcc -O0 -g3 -Wall -c -fmessage-length=0 -o ex1main.o "..\\ex1main.c" 
..\ex1main.c: In function 'main':
..\ex1main.c:10:7: error: expected '=', ',', ';', 'asm' or '__attribute__' before ':' token
  int y:
       ^
..\ex1main.c:10:7: error: expected expression before ':' token
..\ex1main.c:14:15: error: 'y' undeclared (first use in this function)
  scanf("%d", &y);
               ^
..\ex1main.c:14:15: note: each undeclared identifier is reported only once for each function it appears in
..\ex1main.c:17:47: error: 'x' undeclared (first use in this function)
  printf("After swapping, value of a = %f \n", x);
                                               ^
Info: Nothing to build for ASS_EX2
Info: Nothing to build for ASS1_EX1
Info: Nothing to build for ASS1_EX3
Info: Nothing to build for ASS1_EX4
Info: Nothing to build for ASS1_EX5
Info: Nothing to build for ASS1_EX6
18:16:04 **** Incremental Build of configuration Debug for project ASS2_EX1 ****
Info: Internal Builder is used for build
gcc -O0 -g3 -Wall -c -fmessage-length=0 -o ex1main.o "..\\ex1main.c" 
gcc -o ASS2_EX1.exe ex1main.o 
Info: Nothing to build for ASS_EX2
Info: Nothing to build for ASS2_EX1
18:16:46 **** Incremental Build of configuration Debug for project ASS2_EX1 ****
Info: Internal Builder is used for build
gcc -O0 -g3 -Wall -c -fmessage-length=0 -o ex1main.o "..\\ex1main.c" 
gcc -o ASS2_EX1.exe ex1main.o 
Info: Nothing to build for ASS2_EX1
Info: Nothing to build for ASS1_EX1
Info: Nothing to build for ASS1_EX3
Info: Nothing to build for ASS1_EX4
Info: Nothing to build for ASS1_EX5
Info: Nothing to build for ASS1_EX6
18:19:10 **** Incremental Build of configuration Debug for project ASS2_EX1 ****
Info: Internal Builder is used for build
gcc -O0 -g3 -Wall -c -fmessage-length=0 -o ex1main.o "..\\ex1main.c" 
gcc -o ASS2_EX1.exe ex1main.o 
Info: Nothing to build for ASS_EX2
Info: Nothing to build for ASS2_EX1
Info: Nothing to build for ASS1_EX1
Info: Nothing to build for ASS1_EX3
Info: Nothing to build for ASS1_EX4
Info: Nothing to build for ASS1_EX5
Info: Nothing to build for ASS1_EX6
18:20:16 **** Incremental Build of configuration Debug for project ASS2_EX1 ****
Info: Internal Builder is used for build
gcc -O0 -g3 -Wall -c -fmessage-length=0 -o ex1main.o "..\\ex1main.c" 
gcc -o ASS2_EX1.exe ex1main.o 
Info: Nothing to build for ASS_EX2
Info: Nothing to build for ASS2_EX1
Info: Nothing to build for ASS1_EX1
Info: Nothing to build for ASS1_EX3
Info: Nothing to build for ASS1_EX4
Info: Nothing to build for ASS1_EX5
Info: Nothing to build for ASS1_EX6
18:20:52 **** Incremental Build of configuration Debug for project ASS2_EX1 ****
Info: Internal Builder is used for build
gcc -O0 -g3 -Wall -c -fmessage-length=0 -o ex1main.o "..\\ex1main.c" 
gcc -o ASS2_EX1.exe ex1main.o 
c:/mingw/bin/../lib/gcc/mingw32/6.3.0/../../../../mingw32/bin/ld.exe: cannot open output file ASS2_EX1.exe: Permission denied
collect2.exe: error: ld returned 1 exit status
Info: Nothing to build for ASS_EX2
18:20:55 **** Incremental Build of configuration Debug for project ASS2_EX1 ****
Info: Internal Builder is used for build
gcc -o ASS2_EX1.exe ex1main.o 
c:/mingw/bin/../lib/gcc/mingw32/6.3.0/../../../../mingw32/bin/ld.exe: cannot open output file ASS2_EX1.exe: Permission denied
collect2.exe: error: ld returned 1 exit status
18:21:04 **** Incremental Build of configuration Debug for project ASS2_EX1 ****
Info: Internal Builder is used for build
gcc -o ASS2_EX1.exe ex1main.o 
c:/mingw/bin/../lib/gcc/mingw32/6.3.0/../../../../mingw32/bin/ld.exe: cannot open output file ASS2_EX1.exe: Permission denied
collect2.exe: error: ld returned 1 exit status
18:21:07 **** Incremental Build of configuration Debug for project ASS2_EX1 ****
Info: Internal Builder is used for build
gcc -o ASS2_EX1.exe ex1main.o 
c:/mingw/bin/../lib/gcc/mingw32/6.3.0/../../../../mingw32/bin/ld.exe: cannot open output file ASS2_EX1.exe: Permission denied
collect2.exe: error: ld returned 1 exit status
Info: Nothing to build for ASS1_EX1
Info: Nothing to build for ASS1_EX3
Info: Nothing to build for ASS1_EX4
Info: Nothing to build for ASS1_EX5
Info: Nothing to build for ASS1_EX6
18:22:17 **** Incremental Build of configuration Debug for project ASS2_EX1 ****
Info: Internal Builder is used for build
gcc -O0 -g3 -Wall -c -fmessage-length=0 -o ex1main.o "..\\ex1main.c" 
gcc -o ASS2_EX1.exe ex1main.o 
c:/mingw/bin/../lib/gcc/mingw32/6.3.0/../../../../mingw32/bin/ld.exe: cannot open output file ASS2_EX1.exe: Permission denied
collect2.exe: error: ld returned 1 exit status
Info: Nothing to build for ASS_EX2
18:22:22 **** Incremental Build of configuration Debug for project ASS2_EX1 ****
Info: Internal Builder is used for build
gcc -o ASS2_EX1.exe ex1main.o 
c:/mingw/bin/../lib/gcc/mingw32/6.3.0/../../../../mingw32/bin/ld.exe: cannot open output file ASS2_EX1.exe: Permission denied
collect2.exe: error: ld returned 1 exit status
Info: Nothing to build for ASS1_EX1
Info: Nothing to build for ASS1_EX3
Info: Nothing to build for ASS1_EX4
Info: Nothing to build for ASS1_EX5
Info: Nothing to build for ASS1_EX6
18:24:14 **** Incremental Build of configuration Debug for project ASS2_EX1 ****
Info: Internal Builder is used for build
gcc -O0 -g3 -Wall -c -fmessage-length=0 -o ex1main.o "..\\ex1main.c" 
gcc -o ASS2_EX1.exe ex1main.o 
c:/mingw/bin/../lib/gcc/mingw32/6.3.0/../../../../mingw32/bin/ld.exe: cannot open output file ASS2_EX1.exe: Permission denied
collect2.exe: error: ld returned 1 exit status
Info: Nothing to build for ASS_EX2
18:24:17 **** Incremental Build of configuration Debug for project ASS2_EX1 ****
Info: Internal Builder is used for build
gcc -o ASS2_EX1.exe ex1main.o 
c:/mingw/bin/../lib/gcc/mingw32/6.3.0/../../../../mingw32/bin/ld.exe: cannot open output file ASS2_EX1.exe: Permission denied
collect2.exe: error: ld returned 1 exit status
Info: Nothing to build for ASS1_EX1
Info: Nothing to build for ASS1_EX3
Info: Nothing to build for ASS1_EX4
Info: Nothing to build for ASS1_EX5
Info: Nothing to build for ASS1_EX6
18:24:55 **** Incremental Build of configuration Debug for project ASS2_EX1 ****
Info: Internal Builder is used for build
gcc -O0 -g3 -Wall -c -fmessage-length=0 -o ex1main.o "..\\ex1main.c" 
gcc -o ASS2_EX1.exe ex1main.o 
c:/mingw/bin/../lib/gcc/mingw32/6.3.0/../../../../mingw32/bin/ld.exe: cannot open output file ASS2_EX1.exe: Permission denied
collect2.exe: error: ld returned 1 exit status
Info: Nothing to build for ASS_EX2
18:24:57 **** Incremental Build of configuration Debug for project ASS2_EX1 ****
Info: Internal Builder is used for build
gcc -o ASS2_EX1.exe ex1main.o 
c:/mingw/bin/../lib/gcc/mingw32/6.3.0/../../../../mingw32/bin/ld.exe: cannot open output file ASS2_EX1.exe: Permission denied
collect2.exe: error: ld returned 1 exit status
Info: Nothing to build for ASS1_EX1
Info: Nothing to build for ASS1_EX3
Info: Nothing to build for ASS1_EX4
Info: Nothing to build for ASS1_EX5
Info: Nothing to build for ASS1_EX6
18:29:26 **** Incremental Build of configuration Debug for project ASS2_EX1 ****
Info: Internal Builder is used for build
gcc -O0 -g3 -Wall -c -fmessage-length=0 -o ex1main.o "..\\ex1main.c" 
gcc -o ASS2_EX1.exe ex1main.o 
c:/mingw/bin/../lib/gcc/mingw32/6.3.0/../../../../mingw32/bin/ld.exe: cannot open output file ASS2_EX1.exe: Permission denied
collect2.exe: error: ld returned 1 exit status
Info: Nothing to build for ASS_EX2
18:29:31 **** Incremental Build of configuration Debug for project ASS2_EX1 ****
Info: Internal Builder is used for build
gcc -o ASS2_EX1.exe ex1main.o 
c:/mingw/bin/../lib/gcc/mingw32/6.3.0/../../../../mingw32/bin/ld.exe: cannot open output file ASS2_EX1.exe: Permission denied
collect2.exe: error: ld returned 1 exit status
Info: Nothing to build for ASS1_EX1
Info: Nothing to build for ASS1_EX3
Info: Nothing to build for ASS1_EX4
Info: Nothing to build for ASS1_EX5
Info: Nothing to build for ASS1_EX6
18:32:22 **** Incremental Build of configuration Debug for project ASS2_EX1 ****
Info: Internal Builder is used for build
gcc -O0 -g3 -Wall -c -fmessage-length=0 -o ex1main.o "..\\ex1main.c" 
gcc -o ASS2_EX1.exe ex1main.o 
c:/mingw/bin/../lib/gcc/mingw32/6.3.0/../../../../mingw32/bin/ld.exe: cannot open output file ASS2_EX1.exe: Permission denied
collect2.exe: error: ld returned 1 exit status
Info: Nothing to build for ASS_EX2
18:32:25 **** Incremental Build of configuration Debug for project ASS2_EX1 ****
Info: Internal Builder is used for build
gcc -o ASS2_EX1.exe ex1main.o 
c:/mingw/bin/../lib/gcc/mingw32/6.3.0/../../../../mingw32/bin/ld.exe: cannot open output file ASS2_EX1.exe: Permission denied
collect2.exe: error: ld returned 1 exit status
Info: Nothing to build for ASS1_EX1
Info: Nothing to build for ASS1_EX3
Info: Nothing to build for ASS1_EX4
Info: Nothing to build for ASS1_EX5
Info: Nothing to build for ASS1_EX6
18:33:53 **** Incremental Build of configuration Debug for project ASS2_EX1 ****
Info: Internal Builder is used for build
gcc -O0 -g3 -Wall -c -fmessage-length=0 -o ex1main.o "..\\ex1main.c" 
gcc -o ASS2_EX1.exe ex1main.o 
c:/mingw/bin/../lib/gcc/mingw32/6.3.0/../../../../mingw32/bin/ld.exe: cannot open output file ASS2_EX1.exe: Permission denied
collect2.exe: error: ld returned 1 exit status
Info: Nothing to build for ASS_EX2
18:33:56 **** Incremental Build of configuration Debug for project ASS2_EX1 ****
Info: Internal Builder is used for build
gcc -o ASS2_EX1.exe ex1main.o 
c:/mingw/bin/../lib/gcc/mingw32/6.3.0/../../../../mingw32/bin/ld.exe: cannot open output file ASS2_EX1.exe: Permission denied
collect2.exe: error: ld returned 1 exit status
Info: Nothing to build for ASS1_EX1
Info: Nothing to build for ASS1_EX3
Info: Nothing to build for ASS1_EX4
Info: Nothing to build for ASS1_EX5
Info: Nothing to build for ASS1_EX6
18:35:35 **** Incremental Build of configuration Debug for project ASS2_EX1 ****
Info: Internal Builder is used for build
gcc -O0 -g3 -Wall -c -fmessage-length=0 -o main.o "..\\main.c" 
gcc -o ASS2_EX1.exe ex1main.o main.o 
c:/mingw/bin/../lib/gcc/mingw32/6.3.0/../../../../mingw32/bin/ld.exe: cannot open output file ASS2_EX1.exe: Permission denied
collect2.exe: error: ld returned 1 exit status
Info: Nothing to build for ASS_EX2
18:35:38 **** Incremental Build of configuration Debug for project ASS2_EX1 ****
Info: Internal Builder is used for build
gcc -o ASS2_EX1.exe ex1main.o main.o 
c:/mingw/bin/../lib/gcc/mingw32/6.3.0/../../../../mingw32/bin/ld.exe: cannot open output file ASS2_EX1.exe: Permission denied
collect2.exe: error: ld returned 1 exit status
Info: Nothing to build for ASS1_EX1
Info: Nothing to build for ASS1_EX3
Info: Nothing to build for ASS1_EX4
Info: Nothing to build for ASS1_EX5
Info: Nothing to build for ASS1_EX6
18:36:13 **** Incremental Build of configuration Debug for project ASS2_EX1 ****
Info: Internal Builder is used for build
gcc -O0 -g3 -Wall -c -fmessage-length=0 -o main.o "..\\main.c" 
gcc -o ASS2_EX1.exe ex1main.o main.o 
c:/mingw/bin/../lib/gcc/mingw32/6.3.0/../../../../mingw32/bin/ld.exe: cannot open output file ASS2_EX1.exe: Permission denied
collect2.exe: error: ld returned 1 exit status
Info: Nothing to build for ASS_EX2
18:36:16 **** Incremental Build of configuration Debug for project ASS2_EX1 ****
Info: Internal Builder is used for build
gcc -o ASS2_EX1.exe ex1main.o main.o 
c:/mingw/bin/../lib/gcc/mingw32/6.3.0/../../../../mingw32/bin/ld.exe: cannot open output file ASS2_EX1.exe: Permission denied
collect2.exe: error: ld returned 1 exit status
Info: Nothing to build for ASS1_EX1
Info: Nothing to build for ASS1_EX3
Info: Nothing to build for ASS1_EX4
Info: Nothing to build for ASS1_EX5
Info: Nothing to build for ASS1_EX6
08:13:32 **** Incremental Build of configuration Debug for project ASS2_EX1 ****
Info: Internal Builder is used for build
gcc -O0 -g3 -Wall -c -fmessage-length=0 -o main.o "..\\main.c" 
gcc -o ASS2_EX1.exe ex1main.o main.o 
main.o: In function `main':
C:\Users\amrta\OneDrive\Documents\Online_Diploma\Unit_2\unit 2. lesson 3. C Basics\Assignment\ASS1\EX1\ASS2_EX1\Debug/../main.c:9: multiple definition of `main'
ex1main.o:C:\Users\amrta\OneDrive\Documents\Online_Diploma\Unit_2\unit 2. lesson 3. C Basics\Assignment\ASS1\EX1\ASS2_EX1\Debug/../ex1main.c:9: first defined here
main.o: In function `check_nu_type':
C:\Users\amrta\OneDrive\Documents\Online_Diploma\Unit_2\unit 2. lesson 3. C Basics\Assignment\ASS1\EX1\ASS2_EX1\Debug/../main.c:20: multiple definition of `check_nu_type'
ex1main.o:C:\Users\amrta\OneDrive\Documents\Online_Diploma\Unit_2\unit 2. lesson 3. C Basics\Assignment\ASS1\EX1\ASS2_EX1\Debug/../ex1main.c:20: first defined here
collect2.exe: error: ld returned 1 exit status
08:13:34 **** Rebuild of configuration Debug for project ASS2_EX2 ****
Info: Internal Builder is used for build
gcc -O0 -g3 -Wall -c -fmessage-length=0 -o ex2main.o "..\\ex2main.c" 
..\ex2main.c: In function 'main':
..\ex2main.c:12:13: error: expected expression before 'char'
  check_Char(char x);
             ^~~~
..\ex2main.c: In function 'check_Char':
..\ex2main.c:18:7: warning: comparison between pointer and integer
  if(x == "A" || "a" || "e" || "E" || "O" || "o" || "U" || "u")
       ^~
..\ex2main.c:18:7: warning: comparison with string literal results in unspecified behavior [-Waddress]
Info: Nothing to build for ASS_EX2
Info: Nothing to build for ASS1_EX1
Info: Nothing to build for ASS1_EX3
Info: Nothing to build for ASS1_EX4
Info: Nothing to build for ASS1_EX5
Info: Nothing to build for ASS1_EX6
08:15:19 **** Incremental Build of configuration Debug for project ASS2_EX1 ****
Info: Internal Builder is used for build
gcc -O0 -g3 -Wall -c -fmessage-length=0 -o ex1main.o "..\\ex1main.c" 
gcc -o ASS2_EX1.exe ex1main.o main.o 
main.o: In function `main':
C:\Users\amrta\OneDrive\Documents\Online_Diploma\Unit_2\unit 2. lesson 3. C Basics\Assignment\ASS1\EX1\ASS2_EX1\Debug/../main.c:9: multiple definition of `main'
ex1main.o:C:\Users\amrta\OneDrive\Documents\Online_Diploma\Unit_2\unit 2. lesson 3. C Basics\Assignment\ASS1\EX1\ASS2_EX1\Debug/../ex1main.c:9: first defined here
main.o: In function `check_nu_type':
C:\Users\amrta\OneDrive\Documents\Online_Diploma\Unit_2\unit 2. lesson 3. C Basics\Assignment\ASS1\EX1\ASS2_EX1\Debug/../main.c:20: multiple definition of `check_nu_type'
ex1main.o:C:\Users\amrta\OneDrive\Documents\Online_Diploma\Unit_2\unit 2. lesson 3. C Basics\Assignment\ASS1\EX1\ASS2_EX1\Debug/../ex1main.c:21: first defined here
collect2.exe: error: ld returned 1 exit status
08:15:19 **** Incremental Build of configuration Debug for project ASS2_EX2 ****
Info: Internal Builder is used for build
gcc -O0 -g3 -Wall -c -fmessage-length=0 -o ex2main.o "..\\ex2main.c" 
..\ex2main.c: In function 'main':
..\ex2main.c:12:13: error: expected expression before 'char'
  check_Char(char x);
             ^~~~
..\ex2main.c: In function 'check_Char':
..\ex2main.c:18:7: warning: comparison between pointer and integer
  if(x == "A" || "a" || "e" || "E" || "O" || "o" || "U" || "u")
       ^~
..\ex2main.c:18:7: warning: comparison with string literal results in unspecified behavior [-Waddress]
Info: Nothing to build for ASS_EX2
Info: Nothing to build for ASS1_EX1
Info: Nothing to build for ASS1_EX3
Info: Nothing to build for ASS1_EX4
Info: Nothing to build for ASS1_EX5
Info: Nothing to build for ASS1_EX6
08:15:51 **** Incremental Build of configuration Debug for project ASS2_EX1 ****
Info: Internal Builder is used for build
gcc -o ASS2_EX1.exe ex1main.o main.o 
main.o: In function `main':
C:\Users\amrta\OneDrive\Documents\Online_Diploma\Unit_2\unit 2. lesson 3. C Basics\Assignment\ASS1\EX1\ASS2_EX1\Debug/../main.c:9: multiple definition of `main'
ex1main.o:C:\Users\amrta\OneDrive\Documents\Online_Diploma\Unit_2\unit 2. lesson 3. C Basics\Assignment\ASS1\EX1\ASS2_EX1\Debug/../ex1main.c:9: first defined here
main.o: In function `check_nu_type':
C:\Users\amrta\OneDrive\Documents\Online_Diploma\Unit_2\unit 2. lesson 3. C Basics\Assignment\ASS1\EX1\ASS2_EX1\Debug/../main.c:20: multiple definition of `check_nu_type'
ex1main.o:C:\Users\amrta\OneDrive\Documents\Online_Diploma\Unit_2\unit 2. lesson 3. C Basics\Assignment\ASS1\EX1\ASS2_EX1\Debug/../ex1main.c:21: first defined here
collect2.exe: error: ld returned 1 exit status
08:15:51 **** Incremental Build of configuration Debug for project ASS2_EX2 ****
Info: Internal Builder is used for build
gcc -O0 -g3 -Wall -c -fmessage-length=0 -o ex2main.o "..\\ex2main.c" 
..\ex2main.c: In function 'check_Char':
..\ex2main.c:18:7: warning: comparison between pointer and integer
  if(x == "A" || "a" || "e" || "E" || "O" || "o" || "U" || "u")
       ^~
..\ex2main.c:18:7: warning: comparison with string literal results in unspecified behavior [-Waddress]
gcc -o ASS2_EX2.exe ex2main.o 
Info: Nothing to build for ASS_EX2
Info: Nothing to build for ASS2_EX2
Info: Nothing to build for ASS2_EX2
08:22:54 **** Incremental Build of configuration Debug for project ASS2_EX2 ****
Info: Internal Builder is used for build
gcc -O0 -g3 -Wall -c -fmessage-length=0 -o ex2main.o "..\\ex2main.c" 
..\ex2main.c: In function 'check_Char':
..\ex2main.c:18:8: warning: comparison between pointer and integer
  if((x == "A") || (x == "a") || ( x || "e") ||(x == "E") ||(x == "O") || (x == "o") || (x == "U") ||(x== "u"))
        ^~
..\ex2main.c:18:8: warning: comparison with string literal results in unspecified behavior [-Waddress]
..\ex2main.c:18:22: warning: comparison between pointer and integer
  if((x == "A") || (x == "a") || ( x || "e") ||(x == "E") ||(x == "O") || (x == "o") || (x == "U") ||(x== "u"))
                      ^~
..\ex2main.c:18:22: warning: comparison with string literal results in unspecified behavior [-Waddress]
..\ex2main.c:18:50: warning: comparison between pointer and integer
  if((x == "A") || (x == "a") || ( x || "e") ||(x == "E") ||(x == "O") || (x == "o") || (x == "U") ||(x== "u"))
                                                  ^~
..\ex2main.c:18:50: warning: comparison with string literal results in unspecified behavior [-Waddress]
..\ex2main.c:18:63: warning: comparison between pointer and integer
  if((x == "A") || (x == "a") || ( x || "e") ||(x == "E") ||(x == "O") || (x == "o") || (x == "U") ||(x== "u"))
                                                               ^~
..\ex2main.c:18:63: warning: comparison with string literal results in unspecified behavior [-Waddress]
..\ex2main.c:18:77: warning: comparison between pointer and integer
  if((x == "A") || (x == "a") || ( x || "e") ||(x == "E") ||(x == "O") || (x == "o") || (x == "U") ||(x== "u"))
                                                                             ^~
..\ex2main.c:18:77: warning: comparison with string literal results in unspecified behavior [-Waddress]
..\ex2main.c:18:91: warning: comparison between pointer and integer
  if((x == "A") || (x == "a") || ( x || "e") ||(x == "E") ||(x == "O") || (x == "o") || (x == "U") ||(x== "u"))
                                                                                           ^~
..\ex2main.c:18:91: warning: comparison with string literal results in unspecified behavior [-Waddress]
..\ex2main.c:18:103: warning: comparison between pointer and integer
  if((x == "A") || (x == "a") || ( x || "e") ||(x == "E") ||(x == "O") || (x == "o") || (x == "U") ||(x== "u"))
                                                                                                       ^~
..\ex2main.c:18:103: warning: comparison with string literal results in unspecified behavior [-Waddress]
gcc -o ASS2_EX2.exe ex2main.o 
Info: Nothing to build for ASS1_EX1
Info: Nothing to build for ASS1_EX3
Info: Nothing to build for ASS1_EX4
Info: Nothing to build for ASS1_EX5
Info: Nothing to build for ASS1_EX6
08:24:30 **** Incremental Build of configuration Debug for project ASS2_EX1 ****
Info: Internal Builder is used for build
gcc -o ASS2_EX1.exe ex1main.o main.o 
main.o: In function `main':
C:\Users\amrta\OneDrive\Documents\Online_Diploma\Unit_2\unit 2. lesson 3. C Basics\Assignment\ASS1\EX1\ASS2_EX1\Debug/../main.c:9: multiple definition of `main'
ex1main.o:C:\Users\amrta\OneDrive\Documents\Online_Diploma\Unit_2\unit 2. lesson 3. C Basics\Assignment\ASS1\EX1\ASS2_EX1\Debug/../ex1main.c:9: first defined here
main.o: In function `check_nu_type':
C:\Users\amrta\OneDrive\Documents\Online_Diploma\Unit_2\unit 2. lesson 3. C Basics\Assignment\ASS1\EX1\ASS2_EX1\Debug/../main.c:20: multiple definition of `check_nu_type'
ex1main.o:C:\Users\amrta\OneDrive\Documents\Online_Diploma\Unit_2\unit 2. lesson 3. C Basics\Assignment\ASS1\EX1\ASS2_EX1\Debug/../ex1main.c:21: first defined here
collect2.exe: error: ld returned 1 exit status
08:24:31 **** Incremental Build of configuration Debug for project ASS2_EX2 ****
Info: Internal Builder is used for build
gcc -O0 -g3 -Wall -c -fmessage-length=0 -o ex2main.o "..\\ex2main.c" 
..\ex2main.c: In function 'check_Char':
..\ex2main.c:18:7: warning: comparison between pointer and integer
  if(x == "A" || x == "a" ||  x || "e" || x == "E" || x == "O" || x == "o" || x == "U" ||x== "u")
       ^~
..\ex2main.c:18:7: warning: comparison with string literal results in unspecified behavior [-Waddress]
..\ex2main.c:18:19: warning: comparison between pointer and integer
  if(x == "A" || x == "a" ||  x || "e" || x == "E" || x == "O" || x == "o" || x == "U" ||x== "u")
                   ^~
..\ex2main.c:18:19: warning: comparison with string literal results in unspecified behavior [-Waddress]
..\ex2main.c:18:44: warning: comparison between pointer and integer
  if(x == "A" || x == "a" ||  x || "e" || x == "E" || x == "O" || x == "o" || x == "U" ||x== "u")
                                            ^~
..\ex2main.c:18:44: warning: comparison with string literal results in unspecified behavior [-Waddress]
..\ex2main.c:18:56: warning: comparison between pointer and integer
  if(x == "A" || x == "a" ||  x || "e" || x == "E" || x == "O" || x == "o" || x == "U" ||x== "u")
                                                        ^~
..\ex2main.c:18:56: warning: comparison with string literal results in unspecified behavior [-Waddress]
..\ex2main.c:18:68: warning: comparison between pointer and integer
  if(x == "A" || x == "a" ||  x || "e" || x == "E" || x == "O" || x == "o" || x == "U" ||x== "u")
                                                                    ^~
..\ex2main.c:18:68: warning: comparison with string literal results in unspecified behavior [-Waddress]
..\ex2main.c:18:80: warning: comparison between pointer and integer
  if(x == "A" || x == "a" ||  x || "e" || x == "E" || x == "O" || x == "o" || x == "U" ||x== "u")
                                                                                ^~
..\ex2main.c:18:80: warning: comparison with string literal results in unspecified behavior [-Waddress]
..\ex2main.c:18:90: warning: comparison between pointer and integer
  if(x == "A" || x == "a" ||  x || "e" || x == "E" || x == "O" || x == "o" || x == "U" ||x== "u")
                                                                                          ^~
..\ex2main.c:18:90: warning: comparison with string literal results in unspecified behavior [-Waddress]
gcc -o ASS2_EX2.exe ex2main.o 
Info: Nothing to build for ASS_EX2
Info: Nothing to build for ASS2_EX2
Info: Nothing to build for ASS2_EX2
Info: Nothing to build for ASS1_EX1
Info: Nothing to build for ASS1_EX3
Info: Nothing to build for ASS1_EX4
Info: Nothing to build for ASS1_EX5
Info: Nothing to build for ASS1_EX6
08:25:10 **** Incremental Build of configuration Debug for project ASS2_EX1 ****
Info: Internal Builder is used for build
gcc -o ASS2_EX1.exe ex1main.o main.o 
main.o: In function `main':
C:\Users\amrta\OneDrive\Documents\Online_Diploma\Unit_2\unit 2. lesson 3. C Basics\Assignment\ASS1\EX1\ASS2_EX1\Debug/../main.c:9: multiple definition of `main'
ex1main.o:C:\Users\amrta\OneDrive\Documents\Online_Diploma\Unit_2\unit 2. lesson 3. C Basics\Assignment\ASS1\EX1\ASS2_EX1\Debug/../ex1main.c:9: first defined here
main.o: In function `check_nu_type':
C:\Users\amrta\OneDrive\Documents\Online_Diploma\Unit_2\unit 2. lesson 3. C Basics\Assignment\ASS1\EX1\ASS2_EX1\Debug/../main.c:20: multiple definition of `check_nu_type'
ex1main.o:C:\Users\amrta\OneDrive\Documents\Online_Diploma\Unit_2\unit 2. lesson 3. C Basics\Assignment\ASS1\EX1\ASS2_EX1\Debug/../ex1main.c:21: first defined here
collect2.exe: error: ld returned 1 exit status
Info: Nothing to build for ASS2_EX2
Info: Nothing to build for ASS_EX2
Info: Nothing to build for ASS1_EX1
Info: Nothing to build for ASS1_EX3
Info: Nothing to build for ASS1_EX4
Info: Nothing to build for ASS1_EX5
Info: Nothing to build for ASS1_EX6
08:36:15 **** Incremental Build of configuration Debug for project ASS2_EX1 ****
Info: Internal Builder is used for build
gcc -o ASS2_EX1.exe ex1main.o main.o 
main.o: In function `main':
C:\Users\amrta\OneDrive\Documents\Online_Diploma\Unit_2\unit 2. lesson 3. C Basics\Assignment\ASS1\EX1\ASS2_EX1\Debug/../main.c:9: multiple definition of `main'
ex1main.o:C:\Users\amrta\OneDrive\Documents\Online_Diploma\Unit_2\unit 2. lesson 3. C Basics\Assignment\ASS1\EX1\ASS2_EX1\Debug/../ex1main.c:9: first defined here
main.o: In function `check_nu_type':
C:\Users\amrta\OneDrive\Documents\Online_Diploma\Unit_2\unit 2. lesson 3. C Basics\Assignment\ASS1\EX1\ASS2_EX1\Debug/../main.c:20: multiple definition of `check_nu_type'
ex1main.o:C:\Users\amrta\OneDrive\Documents\Online_Diploma\Unit_2\unit 2. lesson 3. C Basics\Assignment\ASS1\EX1\ASS2_EX1\Debug/../ex1main.c:21: first defined here
collect2.exe: error: ld returned 1 exit status
08:36:15 **** Incremental Build of configuration Debug for project ASS2_EX2 ****
Info: Internal Builder is used for build
gcc -O0 -g3 -Wall -c -fmessage-length=0 -o ex2main.o "..\\ex2main.c" 
..\ex2main.c: In function 'check_Char':
..\ex2main.c:20:7: warning: comparison between pointer and integer
  if(x == "A" || x == "a" ||  x || "e" || x == "E" || x == "O" || x == "o" || x == "U" ||x== "u")
       ^~
..\ex2main.c:20:7: warning: comparison with string literal results in unspecified behavior [-Waddress]
..\ex2main.c:20:19: warning: comparison between pointer and integer
  if(x == "A" || x == "a" ||  x || "e" || x == "E" || x == "O" || x == "o" || x == "U" ||x== "u")
                   ^~
..\ex2main.c:20:19: warning: comparison with string literal results in unspecified behavior [-Waddress]
..\ex2main.c:20:44: warning: comparison between pointer and integer
  if(x == "A" || x == "a" ||  x || "e" || x == "E" || x == "O" || x == "o" || x == "U" ||x== "u")
                                            ^~
..\ex2main.c:20:44: warning: comparison with string literal results in unspecified behavior [-Waddress]
..\ex2main.c:20:56: warning: comparison between pointer and integer
  if(x == "A" || x == "a" ||  x || "e" || x == "E" || x == "O" || x == "o" || x == "U" ||x== "u")
                                                        ^~
..\ex2main.c:20:56: warning: comparison with string literal results in unspecified behavior [-Waddress]
..\ex2main.c:20:68: warning: comparison between pointer and integer
  if(x == "A" || x == "a" ||  x || "e" || x == "E" || x == "O" || x == "o" || x == "U" ||x== "u")
                                                                    ^~
..\ex2main.c:20:68: warning: comparison with string literal results in unspecified behavior [-Waddress]
..\ex2main.c:20:80: warning: comparison between pointer and integer
  if(x == "A" || x == "a" ||  x || "e" || x == "E" || x == "O" || x == "o" || x == "U" ||x== "u")
                                                                                ^~
..\ex2main.c:20:80: warning: comparison with string literal results in unspecified behavior [-Waddress]
..\ex2main.c:20:90: warning: comparison between pointer and integer
  if(x == "A" || x == "a" ||  x || "e" || x == "E" || x == "O" || x == "o" || x == "U" ||x== "u")
                                                                                          ^~
..\ex2main.c:20:90: warning: comparison with string literal results in unspecified behavior [-Waddress]
gcc -o ASS2_EX2.exe ex2main.o 
Info: Nothing to build for ASS_EX2
Info: Nothing to build for ASS2_EX2
08:36:39 **** Incremental Build of configuration Debug for project ASS2_EX2 ****
Info: Internal Builder is used for build
gcc -O0 -g3 -Wall -c -fmessage-length=0 -o ex2main.o "..\\ex2main.c" 
..\ex2main.c: In function 'check_Char':
..\ex2main.c:18:7: warning: comparison between pointer and integer
  if(x == "A" || x == "a" ||  x || "e" || x == "E" || x == "O" || x == "o" || x == "U" ||x== "u")
       ^~
..\ex2main.c:18:7: warning: comparison with string literal results in unspecified behavior [-Waddress]
..\ex2main.c:18:19: warning: comparison between pointer and integer
  if(x == "A" || x == "a" ||  x || "e" || x == "E" || x == "O" || x == "o" || x == "U" ||x== "u")
                   ^~
..\ex2main.c:18:19: warning: comparison with string literal results in unspecified behavior [-Waddress]
..\ex2main.c:18:44: warning: comparison between pointer and integer
  if(x == "A" || x == "a" ||  x || "e" || x == "E" || x == "O" || x == "o" || x == "U" ||x== "u")
                                            ^~
..\ex2main.c:18:44: warning: comparison with string literal results in unspecified behavior [-Waddress]
..\ex2main.c:18:56: warning: comparison between pointer and integer
  if(x == "A" || x == "a" ||  x || "e" || x == "E" || x == "O" || x == "o" || x == "U" ||x== "u")
                                                        ^~
..\ex2main.c:18:56: warning: comparison with string literal results in unspecified behavior [-Waddress]
..\ex2main.c:18:68: warning: comparison between pointer and integer
  if(x == "A" || x == "a" ||  x || "e" || x == "E" || x == "O" || x == "o" || x == "U" ||x== "u")
                                                                    ^~
..\ex2main.c:18:68: warning: comparison with string literal results in unspecified behavior [-Waddress]
..\ex2main.c:18:80: warning: comparison between pointer and integer
  if(x == "A" || x == "a" ||  x || "e" || x == "E" || x == "O" || x == "o" || x == "U" ||x== "u")
                                                                                ^~
..\ex2main.c:18:80: warning: comparison with string literal results in unspecified behavior [-Waddress]
..\ex2main.c:18:90: warning: comparison between pointer and integer
  if(x == "A" || x == "a" ||  x || "e" || x == "E" || x == "O" || x == "o" || x == "U" ||x== "u")
                                                                                          ^~
..\ex2main.c:18:90: warning: comparison with string literal results in unspecified behavior [-Waddress]
gcc -o ASS2_EX2.exe ex2main.o 
Info: Nothing to build for ASS1_EX1
Info: Nothing to build for ASS1_EX3
Info: Nothing to build for ASS1_EX4
Info: Nothing to build for ASS1_EX5
Info: Nothing to build for ASS1_EX6
08:41:45 **** Incremental Build of configuration Debug for project ASS2_EX1 ****
Info: Internal Builder is used for build
gcc -o ASS2_EX1.exe ex1main.o main.o 
main.o: In function `main':
C:\Users\amrta\OneDrive\Documents\Online_Diploma\Unit_2\unit 2. lesson 3. C Basics\Assignment\ASS1\EX1\ASS2_EX1\Debug/../main.c:9: multiple definition of `main'
ex1main.o:C:\Users\amrta\OneDrive\Documents\Online_Diploma\Unit_2\unit 2. lesson 3. C Basics\Assignment\ASS1\EX1\ASS2_EX1\Debug/../ex1main.c:9: first defined here
main.o: In function `check_nu_type':
C:\Users\amrta\OneDrive\Documents\Online_Diploma\Unit_2\unit 2. lesson 3. C Basics\Assignment\ASS1\EX1\ASS2_EX1\Debug/../main.c:20: multiple definition of `check_nu_type'
ex1main.o:C:\Users\amrta\OneDrive\Documents\Online_Diploma\Unit_2\unit 2. lesson 3. C Basics\Assignment\ASS1\EX1\ASS2_EX1\Debug/../ex1main.c:21: first defined here
collect2.exe: error: ld returned 1 exit status
08:41:45 **** Incremental Build of configuration Debug for project ASS2_EX2 ****
Info: Internal Builder is used for build
gcc -O0 -g3 -Wall -c -fmessage-length=0 -o ex2main.o "..\\ex2main.c" 
..\ex2main.c: In function 'check_Char':
..\ex2main.c:23:3: error: expected expression before '{' token
   {
   ^
..\ex2main.c:29:1: error: expected expression before '}' token
 }
 ^
..\ex2main.c:18:13: warning: variable 'upper' set but not used [-Wunused-but-set-variable]
  int lower, upper;
             ^~~~~
..\ex2main.c:18:6: warning: variable 'lower' set but not used [-Wunused-but-set-variable]
  int lower, upper;
      ^~~~~
Info: Nothing to build for ASS_EX2
08:43:47 **** Incremental Build of configuration Debug for project ASS2_EX2 ****
Info: Internal Builder is used for build
gcc -O0 -g3 -Wall -c -fmessage-length=0 -o ex2main.o "..\\ex2main.c" 
gcc -o ASS2_EX2.exe ex2main.o 
08:47:18 **** Incremental Build of configuration Debug for project ASS2_EX1 ****
Info: Internal Builder is used for build
gcc -O0 -g3 -Wall -c -fmessage-length=0 -o ex1main.o "..\\ex1main.c" 
gcc -o ASS2_EX1.exe ex1main.o 
08:48:17 **** Incremental Build of configuration Debug for project ASS2_EX2 ****
Info: Internal Builder is used for build
gcc -O0 -g3 -Wall -c -fmessage-length=0 -o ex2main.o "..\\ex2main.c" 
gcc -o ASS2_EX2.exe ex2main.o 
Info: Nothing to build for ASS2_EX2
08:49:06 **** Incremental Build of configuration Debug for project ASS2_EX2 ****
Info: Internal Builder is used for build
gcc -O0 -g3 -Wall -c -fmessage-length=0 -o ex2main.o "..\\ex2main.c" 
gcc -o ASS2_EX2.exe ex2main.o 
c:/mingw/bin/../lib/gcc/mingw32/6.3.0/../../../../mingw32/bin/ld.exe: cannot open output file ASS2_EX2.exe: Permission denied
collect2.exe: error: ld returned 1 exit status
08:49:14 **** Incremental Build of configuration Debug for project ASS2_EX2 ****
Info: Internal Builder is used for build
gcc -o ASS2_EX2.exe ex2main.o 
c:/mingw/bin/../lib/gcc/mingw32/6.3.0/../../../../mingw32/bin/ld.exe: cannot open output file ASS2_EX2.exe: Permission denied
collect2.exe: error: ld returned 1 exit status
08:49:32 **** Incremental Build of configuration Debug for project ASS2_EX2 ****
Info: Internal Builder is used for build
gcc -o ASS2_EX2.exe ex2main.o 
c:/mingw/bin/../lib/gcc/mingw32/6.3.0/../../../../mingw32/bin/ld.exe: cannot open output file ASS2_EX2.exe: Permission denied
collect2.exe: error: ld returned 1 exit status
Info: Nothing to build for ASS1_EX1
Info: Nothing to build for ASS1_EX3
Info: Nothing to build for ASS1_EX4
Info: Nothing to build for ASS1_EX5
Info: Nothing to build for ASS1_EX6
Info: Nothing to build for ASS2_EX1
08:51:43 **** Incremental Build of configuration Debug for project ASS2_EX2 ****
Info: Internal Builder is used for build
gcc -O0 -g3 -Wall -c -fmessage-length=0 -o ex2main.o "..\\ex2main.c" 
gcc -o ASS2_EX2.exe ex2main.o 
c:/mingw/bin/../lib/gcc/mingw32/6.3.0/../../../../mingw32/bin/ld.exe: cannot open output file ASS2_EX2.exe: Permission denied
collect2.exe: error: ld returned 1 exit status
Info: Nothing to build for ASS_EX2
08:51:49 **** Incremental Build of configuration Debug for project ASS2_EX2 ****
Info: Internal Builder is used for build
gcc -o ASS2_EX2.exe ex2main.o 
c:/mingw/bin/../lib/gcc/mingw32/6.3.0/../../../../mingw32/bin/ld.exe: cannot open output file ASS2_EX2.exe: Permission denied
collect2.exe: error: ld returned 1 exit status
Info: Nothing to build for ASS1_EX1
Info: Nothing to build for ASS1_EX3
Info: Nothing to build for ASS1_EX4
Info: Nothing to build for ASS1_EX5
Info: Nothing to build for ASS1_EX6
Info: Nothing to build for ASS2_EX1
08:53:21 **** Incremental Build of configuration Debug for project ASS2_EX2 ****
Info: Internal Builder is used for build
gcc -O0 -g3 -Wall -c -fmessage-length=0 -o ex2main.o "..\\ex2main.c" 
gcc -o ASS2_EX2.exe ex2main.o 
c:/mingw/bin/../lib/gcc/mingw32/6.3.0/../../../../mingw32/bin/ld.exe: cannot open output file ASS2_EX2.exe: Permission denied
collect2.exe: error: ld returned 1 exit status
Info: Nothing to build for ASS_EX2
08:53:26 **** Incremental Build of configuration Debug for project ASS2_EX2 ****
Info: Internal Builder is used for build
gcc -o ASS2_EX2.exe ex2main.o 
c:/mingw/bin/../lib/gcc/mingw32/6.3.0/../../../../mingw32/bin/ld.exe: cannot open output file ASS2_EX2.exe: Permission denied
collect2.exe: error: ld returned 1 exit status
Info: Nothing to build for ASS1_EX1
Info: Nothing to build for ASS1_EX3
Info: Nothing to build for ASS1_EX4
Info: Nothing to build for ASS1_EX5
Info: Nothing to build for ASS1_EX6
Info: Nothing to build for ASS2_EX1
08:54:02 **** Incremental Build of configuration Debug for project ASS2_EX2 ****
Info: Internal Builder is used for build
gcc -O0 -g3 -Wall -c -fmessage-length=0 -o ex2main.o "..\\ex2main.c" 
gcc -o ASS2_EX2.exe ex2main.o 
c:/mingw/bin/../lib/gcc/mingw32/6.3.0/../../../../mingw32/bin/ld.exe: cannot open output file ASS2_EX2.exe: Permission denied
collect2.exe: error: ld returned 1 exit status
Info: Nothing to build for ASS_EX2
08:54:06 **** Incremental Build of configuration Debug for project ASS2_EX2 ****
Info: Internal Builder is used for build
gcc -o ASS2_EX2.exe ex2main.o 
c:/mingw/bin/../lib/gcc/mingw32/6.3.0/../../../../mingw32/bin/ld.exe: cannot open output file ASS2_EX2.exe: Permission denied
collect2.exe: error: ld returned 1 exit status
08:54:27 **** Incremental Build of configuration Debug for project ASS2_EX2 ****
Info: Internal Builder is used for build
gcc -o ASS2_EX2.exe ex2main.o 
c:/mingw/bin/../lib/gcc/mingw32/6.3.0/../../../../mingw32/bin/ld.exe: cannot open output file ASS2_EX2.exe: Permission denied
collect2.exe: error: ld returned 1 exit status
08:54:32 **** Incremental Build of configuration Debug for project ASS2_EX2 ****
Info: Internal Builder is used for build
gcc -o ASS2_EX2.exe ex2main.o 
c:/mingw/bin/../lib/gcc/mingw32/6.3.0/../../../../mingw32/bin/ld.exe: cannot open output file ASS2_EX2.exe: Permission denied
collect2.exe: error: ld returned 1 exit status
08:54:38 **** Incremental Build of configuration Debug for project ASS2_EX2 ****
Info: Internal Builder is used for build
gcc -o ASS2_EX2.exe ex2main.o 
c:/mingw/bin/../lib/gcc/mingw32/6.3.0/../../../../mingw32/bin/ld.exe: cannot open output file ASS2_EX2.exe: Permission denied
collect2.exe: error: ld returned 1 exit status
Info: Nothing to build for ASS1_EX1
Info: Nothing to build for ASS1_EX3
Info: Nothing to build for ASS1_EX4
Info: Nothing to build for ASS1_EX5
Info: Nothing to build for ASS1_EX6
Info: Nothing to build for ASS2_EX1
08:55:22 **** Incremental Build of configuration Debug for project ASS2_EX2 ****
Info: Internal Builder is used for build
gcc -O0 -g3 -Wall -c -fmessage-length=0 -o main.o "..\\main.c" 
gcc -o ASS2_EX2.exe main.o 
c:/mingw/bin/../lib/gcc/mingw32/6.3.0/../../../../mingw32/bin/ld.exe: cannot open output file ASS2_EX2.exe: Permission denied
collect2.exe: error: ld returned 1 exit status
Info: Nothing to build for ASS_EX2
08:55:25 **** Incremental Build of configuration Debug for project ASS2_EX2 ****
Info: Internal Builder is used for build
gcc -o ASS2_EX2.exe main.o 
c:/mingw/bin/../lib/gcc/mingw32/6.3.0/../../../../mingw32/bin/ld.exe: cannot open output file ASS2_EX2.exe: Permission denied
collect2.exe: error: ld returned 1 exit status
08:56:58 **** Rebuild of configuration Debug for project ASS_EX22 ****
Info: Internal Builder is used for build
gcc -O0 -g3 -Wall -c -fmessage-length=0 -o ex2main.o "..\\ex2main.c" 
gcc -o ASS_EX22.exe ex2main.o 
Info: Nothing to build for ASS_EX22
Info: Nothing to build for ASS1_EX1
Info: Nothing to build for ASS1_EX3
Info: Nothing to build for ASS1_EX4
Info: Nothing to build for ASS1_EX5
Info: Nothing to build for ASS1_EX6
Info: Nothing to build for ASS2_EX1
Info: Nothing to build for ASS_EX2
08:57:48 **** Incremental Build of configuration Debug for project ASS_EX22 ****
Info: Internal Builder is used for build
gcc -O0 -g3 -Wall -c -fmessage-length=0 -o ex2main.o "..\\ex2main.c" 
gcc -o ASS_EX22.exe ex2main.o 
Info: Nothing to build for ASS_EX22
Info: Nothing to build for ASS1_EX1
Info: Nothing to build for ASS1_EX3
Info: Nothing to build for ASS1_EX4
Info: Nothing to build for ASS1_EX5
Info: Nothing to build for ASS1_EX6
Info: Nothing to build for ASS2_EX1
09:00:41 **** Rebuild of configuration Debug for project ASS2_EX22 ****
Info: Internal Builder is used for build
gcc -O0 -g3 -Wall -c -fmessage-length=0 -o ex2main.o "..\\ex2main.c" 
gcc -o ASS2_EX22.exe ex2main.o 
Info: Nothing to build for ASS_EX2
Info: Nothing to build for ASS1_EX1
09:02:58 **** Rebuild of configuration Debug for project ASS1_EX2 ****
Info: Internal Builder is used for build
gcc -O0 -g3 -Wall -c -fmessage-length=0 -o ex2main.o "..\\ex2main.c" 
gcc -o ASS1_EX2.exe ex2main.o 
Info: Nothing to build for ASS1_EX3
Info: Nothing to build for ASS1_EX4
Info: Nothing to build for ASS1_EX5
Info: Nothing to build for ASS1_EX6
Info: Nothing to build for ASS2_EX1
Info: Nothing to build for ASS2_EX22
09:06:44 **** Rebuild of configuration Debug for project ASS2_EX2 ****
Info: Internal Builder is used for build
gcc -O0 -g3 -Wall -c -fmessage-length=0 -o ex2main.o "..\\ex2main.c" 
gcc -o ASS2_EX2.exe ex2main.o 
Info: Nothing to build for ASS2_EX2
09:55:21 **** Rebuild of configuration Debug for project ASS2_EX3 ****
Info: Internal Builder is used for build
gcc -O0 -g3 -Wall -c -fmessage-length=0 -o ex3main.o "..\\ex3main.c" 
gcc -o ASS2_EX3.exe ex3main.o 
Info: Nothing to build for ASS2_EX3
Info: Nothing to build for ASS1_EX1
Info: Nothing to build for ASS1_EX2
Info: Nothing to build for ASS1_EX3
Info: Nothing to build for ASS1_EX4
Info: Nothing to build for ASS1_EX5
Info: Nothing to build for ASS1_EX6
Info: Nothing to build for ASS2_EX1
Info: Nothing to build for ASS2_EX2
Info: Nothing to build for ASS2_EX3
Info: Nothing to build for ASS2_EX3
Info: Nothing to build for ASS2_EX3
Info: Nothing to build for ASS2_EX3
Info: Nothing to build for ASS2_EX3
Info: Nothing to build for ASS1_EX1
Info: Nothing to build for ASS1_EX2
Info: Nothing to build for ASS1_EX3
Info: Nothing to build for ASS1_EX4
Info: Nothing to build for ASS1_EX5
Info: Nothing to build for ASS1_EX6
Info: Nothing to build for ASS2_EX1
Info: Nothing to build for ASS2_EX2
10:00:49 **** Incremental Build of configuration Debug for project ASS2_EX3 ****
Info: Internal Builder is used for build
gcc -O0 -g3 -Wall -c -fmessage-length=0 -o ex3main.o "..\\ex3main.c" 
gcc -o ASS2_EX3.exe ex3main.o 
Info: Nothing to build for ASS2_EX3
Info: Nothing to build for ASS2_EX3
Info: Nothing to build for ASS2_EX3
Info: Nothing to build for ASS2_EX3
Info: Nothing to build for ASS2_EX3
Info: Nothing to build for ASS2_EX3
Info: Nothing to build for ASS2_EX3
Info: Nothing to build for ASS1_EX1
Info: Nothing to build for ASS1_EX2
Info: Nothing to build for ASS1_EX3
Info: Nothing to build for ASS1_EX4
Info: Nothing to build for ASS1_EX5
Info: Nothing to build for ASS1_EX6
Info: Nothing to build for ASS2_EX1
Info: Nothing to build for ASS2_EX2
10:02:54 **** Incremental Build of configuration Debug for project ASS2_EX3 ****
Info: Internal Builder is used for build
gcc -O0 -g3 -Wall -c -fmessage-length=0 -o ex3main.o "..\\ex3main.c" 
gcc -o ASS2_EX3.exe ex3main.o 
Info: Nothing to build for ASS2_EX3
Info: Nothing to build for ASS1_EX1
Info: Nothing to build for ASS1_EX2
Info: Nothing to build for ASS1_EX3
Info: Nothing to build for ASS1_EX4
Info: Nothing to build for ASS1_EX5
Info: Nothing to build for ASS1_EX6
Info: Nothing to build for ASS2_EX1
Info: Nothing to build for ASS2_EX2
Info: Nothing to build for ASS2_EX3
10:13:11 **** Rebuild of configuration Debug for project ASS2_EX4 ****
Info: Internal Builder is used for build
gcc -O0 -g3 -Wall -c -fmessage-length=0 -o ex4main.o "..\\ex4main.c" 
gcc -o ASS2_EX4.exe ex4main.o 
Info: Nothing to build for ASS2_EX4
Info: Nothing to build for ASS2_EX4
Info: Nothing to build for ASS2_EX4
Info: Nothing to build for ASS1_EX1
Info: Nothing to build for ASS1_EX2
Info: Nothing to build for ASS1_EX3
Info: Nothing to build for ASS1_EX4
Info: Nothing to build for ASS1_EX5
Info: Nothing to build for ASS1_EX6
Info: Nothing to build for ASS2_EX1
Info: Nothing to build for ASS2_EX2
Info: Nothing to build for ASS2_EX3
10:14:00 **** Incremental Build of configuration Debug for project ASS2_EX4 ****
Info: Internal Builder is used for build
gcc -O0 -g3 -Wall -c -fmessage-length=0 -o ex4main.o "..\\ex4main.c" 
gcc -o ASS2_EX4.exe ex4main.o 
Info: Nothing to build for ASS2_EX4
Info: Nothing to build for ASS1_EX1
Info: Nothing to build for ASS1_EX2
Info: Nothing to build for ASS1_EX3
Info: Nothing to build for ASS1_EX4
Info: Nothing to build for ASS1_EX5
Info: Nothing to build for ASS1_EX6
Info: Nothing to build for ASS2_EX1
Info: Nothing to build for ASS2_EX2
Info: Nothing to build for ASS2_EX3
10:14:29 **** Incremental Build of configuration Debug for project ASS2_EX4 ****
Info: Internal Builder is used for build
gcc -O0 -g3 -Wall -c -fmessage-length=0 -o ex4main.o "..\\ex4main.c" 
gcc -o ASS2_EX4.exe ex4main.o 
c:/mingw/bin/../lib/gcc/mingw32/6.3.0/../../../../mingw32/bin/ld.exe: cannot open output file ASS2_EX4.exe: Permission denied
collect2.exe: error: ld returned 1 exit status
10:14:31 **** Incremental Build of configuration Debug for project ASS2_EX4 ****
Info: Internal Builder is used for build
gcc -o ASS2_EX4.exe ex4main.o 
c:/mingw/bin/../lib/gcc/mingw32/6.3.0/../../../../mingw32/bin/ld.exe: cannot open output file ASS2_EX4.exe: Permission denied
collect2.exe: error: ld returned 1 exit status
Info: Nothing to build for ASS1_EX1
Info: Nothing to build for ASS1_EX2
Info: Nothing to build for ASS1_EX3
Info: Nothing to build for ASS1_EX4
Info: Nothing to build for ASS1_EX5
Info: Nothing to build for ASS1_EX6
Info: Nothing to build for ASS2_EX1
Info: Nothing to build for ASS2_EX2
Info: Nothing to build for ASS2_EX3
10:15:30 **** Incremental Build of configuration Debug for project ASS2_EX4 ****
Info: Internal Builder is used for build
gcc -O0 -g3 -Wall -c -fmessage-length=0 -o ex4main.o "..\\ex4main.c" 
gcc -o ASS2_EX4.exe ex4main.o 
c:/mingw/bin/../lib/gcc/mingw32/6.3.0/../../../../mingw32/bin/ld.exe: cannot open output file ASS2_EX4.exe: Permission denied
collect2.exe: error: ld returned 1 exit status
10:15:33 **** Incremental Build of configuration Debug for project ASS2_EX4 ****
Info: Internal Builder is used for build
gcc -o ASS2_EX4.exe ex4main.o 
c:/mingw/bin/../lib/gcc/mingw32/6.3.0/../../../../mingw32/bin/ld.exe: cannot open output file ASS2_EX4.exe: Permission denied
collect2.exe: error: ld returned 1 exit status
Info: Nothing to build for ASS1_EX1
Info: Nothing to build for ASS1_EX2
Info: Nothing to build for ASS1_EX3
Info: Nothing to build for ASS1_EX4
Info: Nothing to build for ASS1_EX5
Info: Nothing to build for ASS1_EX6
Info: Nothing to build for ASS2_EX1
Info: Nothing to build for ASS2_EX2
Info: Nothing to build for ASS2_EX3
10:16:06 **** Incremental Build of configuration Debug for project ASS2_EX4 ****
Info: Internal Builder is used for build
gcc -O0 -g3 -Wall -c -fmessage-length=0 -o main.o "..\\main.c" 
gcc -o ASS2_EX4.exe main.o 
c:/mingw/bin/../lib/gcc/mingw32/6.3.0/../../../../mingw32/bin/ld.exe: cannot open output file ASS2_EX4.exe: Permission denied
collect2.exe: error: ld returned 1 exit status
10:16:08 **** Incremental Build of configuration Debug for project ASS2_EX4 ****
Info: Internal Builder is used for build
gcc -o ASS2_EX4.exe main.o 
c:/mingw/bin/../lib/gcc/mingw32/6.3.0/../../../../mingw32/bin/ld.exe: cannot open output file ASS2_EX4.exe: Permission denied
collect2.exe: error: ld returned 1 exit status
Info: Nothing to build for ASS1_EX1
Info: Nothing to build for ASS1_EX2
Info: Nothing to build for ASS1_EX3
Info: Nothing to build for ASS1_EX4
Info: Nothing to build for ASS1_EX5
Info: Nothing to build for ASS1_EX6
Info: Nothing to build for ASS2_EX1
Info: Nothing to build for ASS2_EX2
Info: Nothing to build for ASS2_EX3
10:17:12 **** Rebuild of configuration Debug for project ASS2_EX44 ****
Info: Internal Builder is used for build
gcc -O0 -g3 -Wall -c -fmessage-length=0 -o main.o "..\\main.c" 
gcc -o ASS2_EX44.exe main.o 
Info: Nothing to build for ASS2_EX44
Info: Nothing to build for ASS1_EX1
Info: Nothing to build for ASS1_EX2
Info: Nothing to build for ASS1_EX3
Info: Nothing to build for ASS1_EX4
Info: Nothing to build for ASS1_EX5
Info: Nothing to build for ASS1_EX6
Info: Nothing to build for ASS2_EX1
Info: Nothing to build for ASS2_EX2
Info: Nothing to build for ASS2_EX3
10:17:54 **** Incremental Build of configuration Debug for project ASS2_EX44 ****
Info: Internal Builder is used for build
gcc -O0 -g3 -Wall -c -fmessage-length=0 -o main.o "..\\main.c" 
gcc -o ASS2_EX44.exe main.o 
c:/mingw/bin/../lib/gcc/mingw32/6.3.0/../../../../mingw32/bin/ld.exe: cannot open output file ASS2_EX44.exe: Permission denied
collect2.exe: error: ld returned 1 exit status
10:17:58 **** Incremental Build of configuration Debug for project ASS2_EX44 ****
Info: Internal Builder is used for build
gcc -o ASS2_EX44.exe main.o 
c:/mingw/bin/../lib/gcc/mingw32/6.3.0/../../../../mingw32/bin/ld.exe: cannot open output file ASS2_EX44.exe: Permission denied
collect2.exe: error: ld returned 1 exit status
Info: Nothing to build for ASS1_EX1
Info: Nothing to build for ASS1_EX2
Info: Nothing to build for ASS1_EX3
Info: Nothing to build for ASS1_EX4
Info: Nothing to build for ASS1_EX5
Info: Nothing to build for ASS1_EX6
Info: Nothing to build for ASS2_EX1
Info: Nothing to build for ASS2_EX2
Info: Nothing to build for ASS2_EX3
10:19:44 **** Incremental Build of configuration Debug for project ASS2_EX44 ****
Info: Internal Builder is used for build
gcc -o ASS2_EX44.exe main.o 
Info: Nothing to build for ASS2_EX44
Info: Nothing to build for ASS1_EX1
Info: Nothing to build for ASS1_EX2
Info: Nothing to build for ASS1_EX3
Info: Nothing to build for ASS1_EX4
Info: Nothing to build for ASS1_EX5
Info: Nothing to build for ASS1_EX6
Info: Nothing to build for ASS2_EX1
Info: Nothing to build for ASS2_EX2
Info: Nothing to build for ASS2_EX3
10:20:28 **** Incremental Build of configuration Debug for project ASS2_EX44 ****
Info: Internal Builder is used for build
gcc -O0 -g3 -Wall -c -fmessage-length=0 -o main.o "..\\main.c" 
gcc -o ASS2_EX44.exe main.o 
c:/mingw/bin/../lib/gcc/mingw32/6.3.0/../../../../mingw32/bin/ld.exe: cannot open output file ASS2_EX44.exe: Permission denied
collect2.exe: error: ld returned 1 exit status
10:20:31 **** Incremental Build of configuration Debug for project ASS2_EX44 ****
Info: Internal Builder is used for build
gcc -o ASS2_EX44.exe main.o 
c:/mingw/bin/../lib/gcc/mingw32/6.3.0/../../../../mingw32/bin/ld.exe: cannot open output file ASS2_EX44.exe: Permission denied
collect2.exe: error: ld returned 1 exit status
10:20:45 **** Incremental Build of configuration Debug for project ASS2_EX44 ****
Info: Internal Builder is used for build
gcc -o ASS2_EX44.exe main.o 
c:/mingw/bin/../lib/gcc/mingw32/6.3.0/../../../../mingw32/bin/ld.exe: cannot open output file ASS2_EX44.exe: Permission denied
collect2.exe: error: ld returned 1 exit status
Info: Nothing to build for ASS1_EX1
Info: Nothing to build for ASS1_EX2
Info: Nothing to build for ASS1_EX3
Info: Nothing to build for ASS1_EX4
Info: Nothing to build for ASS1_EX5
Info: Nothing to build for ASS1_EX6
Info: Nothing to build for ASS2_EX1
Info: Nothing to build for ASS2_EX2
Info: Nothing to build for ASS2_EX3
10:21:45 **** Rebuild of configuration Debug for project ASS2_EX4 ****
Info: Internal Builder is used for build
gcc -O0 -g3 -Wall -c -fmessage-length=0 -o ex4main.o "..\\ex4main.c" 
..\ex4main.c:33:11: error: expected '=', ',', ';', 'asm' or '__attribute__' before '.' token
  * ex4main.c
           ^
10:21:48 **** Incremental Build of configuration Debug for project ASS2_EX4 ****
Info: Internal Builder is used for build
gcc -O0 -g3 -Wall -c -fmessage-length=0 -o ex4main.o "..\\ex4main.c" 
..\ex4main.c:33:11: error: expected '=', ',', ';', 'asm' or '__attribute__' before '.' token
  * ex4main.c
           ^
Info: Nothing to build for ASS1_EX1
Info: Nothing to build for ASS1_EX2
Info: Nothing to build for ASS1_EX3
Info: Nothing to build for ASS1_EX4
Info: Nothing to build for ASS1_EX5
Info: Nothing to build for ASS1_EX6
Info: Nothing to build for ASS2_EX1
Info: Nothing to build for ASS2_EX2
Info: Nothing to build for ASS2_EX3
10:22:34 **** Incremental Build of configuration Debug for project ASS2_EX4 ****
Info: Internal Builder is used for build
gcc -O0 -g3 -Wall -c -fmessage-length=0 -o ex4main.o "..\\ex4main.c" 
..\ex4main.c:33:11: error: expected '=', ',', ';', 'asm' or '__attribute__' before '.' token
  * ex4main.c
           ^
10:22:37 **** Incremental Build of configuration Debug for project ASS2_EX4 ****
Info: Internal Builder is used for build
gcc -O0 -g3 -Wall -c -fmessage-length=0 -o ex4main.o "..\\ex4main.c" 
..\ex4main.c:33:11: error: expected '=', ',', ';', 'asm' or '__attribute__' before '.' token
  * ex4main.c
           ^
Info: Nothing to build for ASS1_EX1
Info: Nothing to build for ASS1_EX2
Info: Nothing to build for ASS1_EX3
Info: Nothing to build for ASS1_EX4
Info: Nothing to build for ASS1_EX5
Info: Nothing to build for ASS1_EX6
Info: Nothing to build for ASS2_EX1
Info: Nothing to build for ASS2_EX2
Info: Nothing to build for ASS2_EX3
10:23:08 **** Incremental Build of configuration Debug for project ASS2_EX4 ****
Info: Internal Builder is used for build
gcc -O0 -g3 -Wall -c -fmessage-length=0 -o ex4main.o "..\\ex4main.c" 
..\ex4main.c:33:11: error: expected '=', ',', ';', 'asm' or '__attribute__' before '.' token
  * ex4main.c
           ^
10:23:11 **** Incremental Build of configuration Debug for project ASS2_EX4 ****
Info: Internal Builder is used for build
gcc -O0 -g3 -Wall -c -fmessage-length=0 -o ex4main.o "..\\ex4main.c" 
..\ex4main.c:33:11: error: expected '=', ',', ';', 'asm' or '__attribute__' before '.' token
  * ex4main.c
           ^
Info: Nothing to build for ASS1_EX1
Info: Nothing to build for ASS1_EX2
Info: Nothing to build for ASS1_EX3
Info: Nothing to build for ASS1_EX4
Info: Nothing to build for ASS1_EX5
Info: Nothing to build for ASS1_EX6
Info: Nothing to build for ASS2_EX1
Info: Nothing to build for ASS2_EX2
Info: Nothing to build for ASS2_EX3
10:23:41 **** Incremental Build of configuration Debug for project ASS2_EX4 ****
Info: Internal Builder is used for build
gcc -O0 -g3 -Wall -c -fmessage-length=0 -o ex4main.o "..\\ex4main.c" 
..\ex4main.c:33:11: error: expected '=', ',', ';', 'asm' or '__attribute__' before '.' token
  * ex4main.c
           ^
10:23:43 **** Incremental Build of configuration Debug for project ASS2_EX4 ****
Info: Internal Builder is used for build
gcc -O0 -g3 -Wall -c -fmessage-length=0 -o ex4main.o "..\\ex4main.c" 
..\ex4main.c:33:11: error: expected '=', ',', ';', 'asm' or '__attribute__' before '.' token
  * ex4main.c
           ^
Info: Nothing to build for ASS1_EX1
Info: Nothing to build for ASS1_EX2
Info: Nothing to build for ASS1_EX3
Info: Nothing to build for ASS1_EX4
Info: Nothing to build for ASS1_EX5
Info: Nothing to build for ASS1_EX6
Info: Nothing to build for ASS2_EX1
Info: Nothing to build for ASS2_EX2
Info: Nothing to build for ASS2_EX3
10:24:24 **** Incremental Build of configuration Debug for project ASS2_EX4 ****
Info: Internal Builder is used for build
gcc -O0 -g3 -Wall -c -fmessage-length=0 -o ex4main.o "..\\ex4main.c" 
gcc -o ASS2_EX4.exe ex4main.o 
Info: Nothing to build for ASS2_EX4
Info: Nothing to build for ASS1_EX1
Info: Nothing to build for ASS1_EX2
Info: Nothing to build for ASS1_EX3
Info: Nothing to build for ASS1_EX4
Info: Nothing to build for ASS1_EX5
Info: Nothing to build for ASS1_EX6
Info: Nothing to build for ASS2_EX1
Info: Nothing to build for ASS2_EX2
Info: Nothing to build for ASS2_EX3
10:24:48 **** Incremental Build of configuration Debug for project ASS2_EX4 ****
Info: Internal Builder is used for build
gcc -O0 -g3 -Wall -c -fmessage-length=0 -o ex4main.o "..\\ex4main.c" 
gcc -o ASS2_EX4.exe ex4main.o 
c:/mingw/bin/../lib/gcc/mingw32/6.3.0/../../../../mingw32/bin/ld.exe: cannot open output file ASS2_EX4.exe: Permission denied
collect2.exe: error: ld returned 1 exit status
10:24:54 **** Incremental Build of configuration Debug for project ASS2_EX4 ****
Info: Internal Builder is used for build
gcc -O0 -g3 -Wall -c -fmessage-length=0 -o ex4main.o "..\\ex4main.c" 
..\ex4main.c:32:2: error: stray '#' in program
 }#include <stdio.h>
  ^
..\ex4main.c:32:11: error: expected '=', ',', ';', 'asm' or '__attribute__' before '<' token
 }#include <stdio.h>
           ^
..\ex4main.c:35:5: error: redefinition of 'main'
 int main(void)
     ^~~~
..\ex4main.c:4:5: note: previous definition of 'main' was here
 int main(void)
     ^~~~
..\ex4main.c:48:6: error: redefinition of 'Check_num_type'
 void Check_num_type(float x)
      ^~~~~~~~~~~~~~
..\ex4main.c:17:6: note: previous definition of 'Check_num_type' was here
 void Check_num_type(float x)
      ^~~~~~~~~~~~~~
Info: Nothing to build for ASS1_EX1
Info: Nothing to build for ASS1_EX2
Info: Nothing to build for ASS1_EX3
Info: Nothing to build for ASS1_EX4
Info: Nothing to build for ASS1_EX5
Info: Nothing to build for ASS1_EX6
Info: Nothing to build for ASS2_EX1
Info: Nothing to build for ASS2_EX2
Info: Nothing to build for ASS2_EX3
10:25:26 **** Incremental Build of configuration Debug for project ASS2_EX4 ****
Info: Internal Builder is used for build
gcc -O0 -g3 -Wall -c -fmessage-length=0 -o ex4main.o "..\\ex4main.c" 
gcc -o ASS2_EX4.exe ex4main.o 
c:/mingw/bin/../lib/gcc/mingw32/6.3.0/../../../../mingw32/bin/ld.exe: cannot open output file ASS2_EX4.exe: Permission denied
collect2.exe: error: ld returned 1 exit status
10:25:29 **** Incremental Build of configuration Debug for project ASS2_EX4 ****
Info: Internal Builder is used for build
gcc -o ASS2_EX4.exe ex4main.o 
c:/mingw/bin/../lib/gcc/mingw32/6.3.0/../../../../mingw32/bin/ld.exe: cannot open output file ASS2_EX4.exe: Permission denied
collect2.exe: error: ld returned 1 exit status
Info: Nothing to build for ASS1_EX1
Info: Nothing to build for ASS1_EX2
Info: Nothing to build for ASS1_EX3
Info: Nothing to build for ASS1_EX4
Info: Nothing to build for ASS1_EX5
Info: Nothing to build for ASS1_EX6
Info: Nothing to build for ASS2_EX1
Info: Nothing to build for ASS2_EX2
Info: Nothing to build for ASS2_EX3
10:26:34 **** Incremental Build of configuration Debug for project ASS2_EX4 ****
Info: Internal Builder is used for build
gcc -O0 -g3 -Wall -c -fmessage-length=0 -o ex4main.o "..\\ex4main.c" 
gcc -o ASS2_EX4.exe ex4main.o 
Info: Nothing to build for ASS2_EX4
Info: Nothing to build for ASS2_EX4
Info: Nothing to build for ASS2_EX4
Info: Nothing to build for ASS1_EX1
Info: Nothing to build for ASS1_EX2
Info: Nothing to build for ASS1_EX3
Info: Nothing to build for ASS1_EX4
Info: Nothing to build for ASS1_EX5
Info: Nothing to build for ASS1_EX6
Info: Nothing to build for ASS2_EX1
Info: Nothing to build for ASS2_EX2
Info: Nothing to build for ASS2_EX3
Info: Nothing to build for ASS2_EX4
10:33:07 **** Rebuild of configuration Debug for project ASS2_EX5 ****
Info: Internal Builder is used for build
gcc -O0 -g3 -Wall -c -fmessage-length=0 -o ex5main.o "..\\ex5main.c" 
gcc -o ASS2_EX5.exe ex5main.o 
Info: Nothing to build for ASS2_EX5
Info: Nothing to build for ASS2_EX5
Info: Nothing to build for ASS2_EX5
Info: Nothing to build for ASS2_EX5
Info: Nothing to build for ASS2_EX5
Info: Nothing to build for ASS1_EX1
Info: Nothing to build for ASS1_EX2
Info: Nothing to build for ASS1_EX3
Info: Nothing to build for ASS1_EX4
Info: Nothing to build for ASS1_EX5
Info: Nothing to build for ASS1_EX6
Info: Nothing to build for ASS2_EX1
Info: Nothing to build for ASS2_EX2
Info: Nothing to build for ASS2_EX3
Info: Nothing to build for ASS2_EX4
10:36:10 **** Incremental Build of configuration Debug for project ASS2_EX5 ****
Info: Internal Builder is used for build
gcc -O0 -g3 -Wall -c -fmessage-length=0 -o ex5main.o "..\\ex5main.c" 
gcc -o ASS2_EX5.exe ex5main.o 
c:/mingw/bin/../lib/gcc/mingw32/6.3.0/../../../../mingw32/bin/ld.exe: cannot open output file ASS2_EX5.exe: Permission denied
collect2.exe: error: ld returned 1 exit status
10:36:13 **** Incremental Build of configuration Debug for project ASS2_EX5 ****
Info: Internal Builder is used for build
gcc -o ASS2_EX5.exe ex5main.o 
c:/mingw/bin/../lib/gcc/mingw32/6.3.0/../../../../mingw32/bin/ld.exe: cannot open output file ASS2_EX5.exe: Permission denied
collect2.exe: error: ld returned 1 exit status
Info: Nothing to build for ASS1_EX1
Info: Nothing to build for ASS1_EX2
Info: Nothing to build for ASS1_EX3
Info: Nothing to build for ASS1_EX4
Info: Nothing to build for ASS1_EX5
Info: Nothing to build for ASS1_EX6
Info: Nothing to build for ASS2_EX1
Info: Nothing to build for ASS2_EX2
Info: Nothing to build for ASS2_EX3
Info: Nothing to build for ASS2_EX4
10:36:57 **** Incremental Build of configuration Debug for project ASS2_EX5 ****
Info: Internal Builder is used for build
gcc -o ASS2_EX5.exe ex5main.o 
Info: Nothing to build for ASS2_EX5
Info: Nothing to build for ASS1_EX1
Info: Nothing to build for ASS1_EX2
Info: Nothing to build for ASS1_EX3
Info: Nothing to build for ASS1_EX4
Info: Nothing to build for ASS1_EX5
Info: Nothing to build for ASS1_EX6
Info: Nothing to build for ASS2_EX1
Info: Nothing to build for ASS2_EX2
Info: Nothing to build for ASS2_EX3
Info: Nothing to build for ASS2_EX4
10:39:27 **** Incremental Build of configuration Debug for project ASS2_EX5 ****
Info: Internal Builder is used for build
gcc -O0 -g3 -Wall -c -fmessage-length=0 -o ex5main.o "..\\ex5main.c" 
gcc -o ASS2_EX5.exe ex5main.o 
c:/mingw/bin/../lib/gcc/mingw32/6.3.0/../../../../mingw32/bin/ld.exe: cannot open output file ASS2_EX5.exe: Permission denied
collect2.exe: error: ld returned 1 exit status
10:39:29 **** Incremental Build of configuration Debug for project ASS2_EX5 ****
Info: Internal Builder is used for build
gcc -o ASS2_EX5.exe ex5main.o 
c:/mingw/bin/../lib/gcc/mingw32/6.3.0/../../../../mingw32/bin/ld.exe: cannot open output file ASS2_EX5.exe: Permission denied
collect2.exe: error: ld returned 1 exit status
Info: Nothing to build for ASS1_EX1
Info: Nothing to build for ASS1_EX2
Info: Nothing to build for ASS1_EX3
Info: Nothing to build for ASS1_EX4
Info: Nothing to build for ASS1_EX5
Info: Nothing to build for ASS1_EX6
Info: Nothing to build for ASS2_EX1
Info: Nothing to build for ASS2_EX2
Info: Nothing to build for ASS2_EX3
Info: Nothing to build for ASS2_EX4
10:40:00 **** Incremental Build of configuration Debug for project ASS2_EX5 ****
Info: Internal Builder is used for build
gcc -o ASS2_EX5.exe ex5main.o 
Info: Nothing to build for ASS2_EX5
Info: Nothing to build for ASS2_EX5
Info: Nothing to build for ASS1_EX1
Info: Nothing to build for ASS1_EX2
Info: Nothing to build for ASS1_EX3
Info: Nothing to build for ASS1_EX4
Info: Nothing to build for ASS1_EX5
Info: Nothing to build for ASS1_EX6
Info: Nothing to build for ASS2_EX1
Info: Nothing to build for ASS2_EX2
Info: Nothing to build for ASS2_EX3
Info: Nothing to build for ASS2_EX4
10:40:36 **** Incremental Build of configuration Debug for project ASS2_EX5 ****
Info: Internal Builder is used for build
gcc -O0 -g3 -Wall -c -fmessage-length=0 -o ex5main.o "..\\ex5main.c" 
gcc -o ASS2_EX5.exe ex5main.o 
Info: Nothing to build for ASS2_EX5
Info: Nothing to build for ASS1_EX1
Info: Nothing to build for ASS1_EX2
Info: Nothing to build for ASS1_EX3
Info: Nothing to build for ASS1_EX4
Info: Nothing to build for ASS1_EX5
Info: Nothing to build for ASS1_EX6
Info: Nothing to build for ASS2_EX1
Info: Nothing to build for ASS2_EX2
Info: Nothing to build for ASS2_EX3
Info: Nothing to build for ASS2_EX4
10:40:59 **** Incremental Build of configuration Debug for project ASS2_EX5 ****
Info: Internal Builder is used for build
gcc -O0 -g3 -Wall -c -fmessage-length=0 -o ex5main.o "..\\ex5main.c" 
gcc -o ASS2_EX5.exe ex5main.o 
c:/mingw/bin/../lib/gcc/mingw32/6.3.0/../../../../mingw32/bin/ld.exe: cannot open output file ASS2_EX5.exe: Permission denied
collect2.exe: error: ld returned 1 exit status
10:41:01 **** Incremental Build of configuration Debug for project ASS2_EX5 ****
Info: Internal Builder is used for build
gcc -o ASS2_EX5.exe ex5main.o 
c:/mingw/bin/../lib/gcc/mingw32/6.3.0/../../../../mingw32/bin/ld.exe: cannot open output file ASS2_EX5.exe: Permission denied
collect2.exe: error: ld returned 1 exit status
Info: Nothing to build for ASS1_EX1
Info: Nothing to build for ASS1_EX2
Info: Nothing to build for ASS1_EX3
Info: Nothing to build for ASS1_EX4
Info: Nothing to build for ASS1_EX5
Info: Nothing to build for ASS1_EX6
Info: Nothing to build for ASS2_EX1
Info: Nothing to build for ASS2_EX2
Info: Nothing to build for ASS2_EX3
Info: Nothing to build for ASS2_EX4
10:41:29 **** Incremental Build of configuration Debug for project ASS2_EX5 ****
Info: Internal Builder is used for build
gcc -o ASS2_EX5.exe ex5main.o 
Info: Nothing to build for ASS2_EX5
Info: Nothing to build for ASS1_EX1
Info: Nothing to build for ASS1_EX2
Info: Nothing to build for ASS1_EX3
Info: Nothing to build for ASS1_EX4
Info: Nothing to build for ASS1_EX5
Info: Nothing to build for ASS1_EX6
Info: Nothing to build for ASS2_EX1
Info: Nothing to build for ASS2_EX2
Info: Nothing to build for ASS2_EX3
Info: Nothing to build for ASS2_EX4
Info: Nothing to build for ASS2_EX5
11:42:03 **** Rebuild of configuration Debug for project ASS2_EX6 ****
Info: Internal Builder is used for build
gcc -O0 -g3 -Wall -c -fmessage-length=0 -o ex6main.o "..\\ex6main.c" 
gcc -o ASS2_EX6.exe ex6main.o 
Info: Nothing to build for ASS2_EX6
Info: Nothing to build for ASS1_EX1
Info: Nothing to build for ASS1_EX2
Info: Nothing to build for ASS1_EX3
Info: Nothing to build for ASS1_EX4
Info: Nothing to build for ASS1_EX5
Info: Nothing to build for ASS1_EX6
Info: Nothing to build for ASS2_EX1
Info: Nothing to build for ASS2_EX2
Info: Nothing to build for ASS2_EX3
Info: Nothing to build for ASS2_EX4
Info: Nothing to build for ASS2_EX5
Info: Nothing to build for ASS2_EX6
11:50:57 **** Rebuild of configuration Debug for project ASS2_EX7 ****
Info: Internal Builder is used for build
gcc -O0 -g3 -Wall -c -fmessage-length=0 -o ex7main.o "..\\ex7main.c" 
..\ex7main.c: In function 'main':
..\ex7main.c:11:2: warning: implicit declaration of function 'Factorial' [-Wimplicit-function-declaration]
  Factorial(x);
  ^~~~~~~~~
..\ex7main.c: At top level:
..\ex7main.c:15:6: warning: conflicting types for 'Factorial'
 void Factorial(int x)
      ^~~~~~~~~
..\ex7main.c:11:2: note: previous implicit declaration of 'Factorial' was here
  Factorial(x);
  ^~~~~~~~~
gcc -o ASS2_EX7.exe ex7main.o 
Info: Nothing to build for ASS1_EX1
Info: Nothing to build for ASS1_EX2
Info: Nothing to build for ASS1_EX3
Info: Nothing to build for ASS1_EX4
Info: Nothing to build for ASS1_EX5
Info: Nothing to build for ASS1_EX6
Info: Nothing to build for ASS2_EX1
Info: Nothing to build for ASS2_EX2
Info: Nothing to build for ASS2_EX3
Info: Nothing to build for ASS2_EX4
Info: Nothing to build for ASS2_EX5
Info: Nothing to build for ASS2_EX6
11:52:11 **** Incremental Build of configuration Debug for project ASS2_EX7 ****
Info: Internal Builder is used for build
gcc -O0 -g3 -Wall -c -fmessage-length=0 -o ex7main.o "..\\ex7main.c" 
gcc -o ASS2_EX7.exe ex7main.o 
Info: Nothing to build for ASS2_EX7
Info: Nothing to build for ASS1_EX1
Info: Nothing to build for ASS1_EX2
Info: Nothing to build for ASS1_EX3
Info: Nothing to build for ASS1_EX4
Info: Nothing to build for ASS1_EX5
Info: Nothing to build for ASS1_EX6
Info: Nothing to build for ASS2_EX1
Info: Nothing to build for ASS2_EX2
Info: Nothing to build for ASS2_EX3
Info: Nothing to build for ASS2_EX4
Info: Nothing to build for ASS2_EX5
Info: Nothing to build for ASS2_EX6
11:53:47 **** Incremental Build of configuration Debug for project ASS2_EX7 ****
Info: Internal Builder is used for build
gcc -O0 -g3 -Wall -c -fmessage-length=0 -o ex7main.o "..\\ex7main.c" 
gcc -o ASS2_EX7.exe ex7main.o 
c:/mingw/bin/../lib/gcc/mingw32/6.3.0/../../../../mingw32/bin/ld.exe: cannot open output file ASS2_EX7.exe: Permission denied
collect2.exe: error: ld returned 1 exit status
11:53:49 **** Incremental Build of configuration Debug for project ASS2_EX7 ****
Info: Internal Builder is used for build
gcc -o ASS2_EX7.exe ex7main.o 
c:/mingw/bin/../lib/gcc/mingw32/6.3.0/../../../../mingw32/bin/ld.exe: cannot open output file ASS2_EX7.exe: Permission denied
collect2.exe: error: ld returned 1 exit status
11:54:00 **** Incremental Build of configuration Debug for project ASS2_EX7 ****
Info: Internal Builder is used for build
gcc -o ASS2_EX7.exe ex7main.o 
c:/mingw/bin/../lib/gcc/mingw32/6.3.0/../../../../mingw32/bin/ld.exe: cannot open output file ASS2_EX7.exe: Permission denied
collect2.exe: error: ld returned 1 exit status
Info: Nothing to build for ASS1_EX1
Info: Nothing to build for ASS1_EX2
Info: Nothing to build for ASS1_EX3
Info: Nothing to build for ASS1_EX4
Info: Nothing to build for ASS1_EX5
Info: Nothing to build for ASS1_EX6
Info: Nothing to build for ASS2_EX1
Info: Nothing to build for ASS2_EX2
Info: Nothing to build for ASS2_EX3
Info: Nothing to build for ASS2_EX4
Info: Nothing to build for ASS2_EX5
Info: Nothing to build for ASS2_EX6
11:55:30 **** Rebuild of configuration Debug for project ASS2_EX7 ****
Info: Internal Builder is used for build
gcc -O0 -g3 -Wall -c -fmessage-length=0 -o ex7main.o "..\\ex7main.c" 
gcc -O0 -g3 -Wall -c -fmessage-length=0 -o main.o "..\\main.c" 
gcc -o ASS2_EX7.exe ex7main.o main.o 
c:/mingw/bin/../lib/gcc/mingw32/6.3.0/../../../../mingw32/bin/ld.exe: cannot open output file ASS2_EX7.exe: Permission denied
collect2.exe: error: ld returned 1 exit status
11:55:31 **** Rebuild of configuration Debug for project ASS2_EX77 ****
Info: Internal Builder is used for build
gcc -O0 -g3 -Wall -c -fmessage-length=0 -o ex7main.o "..\\ex7main.c" 
gcc -o ASS2_EX77.exe ex7main.o 
Info: Nothing to build for ASS2_EX77
Info: Nothing to build for ASS1_EX1
Info: Nothing to build for ASS1_EX2
Info: Nothing to build for ASS1_EX3
Info: Nothing to build for ASS1_EX4
Info: Nothing to build for ASS1_EX5
Info: Nothing to build for ASS1_EX6
Info: Nothing to build for ASS2_EX1
Info: Nothing to build for ASS2_EX2
Info: Nothing to build for ASS2_EX3
Info: Nothing to build for ASS2_EX4
Info: Nothing to build for ASS2_EX5
Info: Nothing to build for ASS2_EX6
11:56:16 **** Incremental Build of configuration Debug for project ASS2_EX7 ****
Info: Internal Builder is used for build
gcc -o ASS2_EX7.exe ex7main.o main.o 
c:/mingw/bin/../lib/gcc/mingw32/6.3.0/../../../../mingw32/bin/ld.exe: cannot open output file ASS2_EX7.exe: Permission denied
collect2.exe: error: ld returned 1 exit status
11:56:17 **** Incremental Build of configuration Debug for project ASS2_EX77 ****
Info: Internal Builder is used for build
gcc -O0 -g3 -Wall -c -fmessage-length=0 -o ex7main.o "..\\ex7main.c" 
gcc -o ASS2_EX77.exe ex7main.o 
c:/mingw/bin/../lib/gcc/mingw32/6.3.0/../../../../mingw32/bin/ld.exe: cannot open output file ASS2_EX77.exe: Permission denied
collect2.exe: error: ld returned 1 exit status
11:56:18 **** Incremental Build of configuration Debug for project ASS2_EX77 ****
Info: Internal Builder is used for build
gcc -o ASS2_EX77.exe ex7main.o 
c:/mingw/bin/../lib/gcc/mingw32/6.3.0/../../../../mingw32/bin/ld.exe: cannot open output file ASS2_EX77.exe: Permission denied
collect2.exe: error: ld returned 1 exit status
Info: Nothing to build for ASS1_EX1
Info: Nothing to build for ASS1_EX2
Info: Nothing to build for ASS1_EX3
Info: Nothing to build for ASS1_EX4
Info: Nothing to build for ASS1_EX5
Info: Nothing to build for ASS1_EX6
Info: Nothing to build for ASS2_EX1
Info: Nothing to build for ASS2_EX2
Info: Nothing to build for ASS2_EX3
Info: Nothing to build for ASS2_EX4
Info: Nothing to build for ASS2_EX5
Info: Nothing to build for ASS2_EX6
11:58:36 **** Rebuild of configuration Debug for project ASS2_EX7 ****
Info: Internal Builder is used for build
gcc -O0 -g3 -Wall -c -fmessage-length=0 -o ex7main.o "..\\ex7main.c" 
gcc -o ASS2_EX7.exe ex7main.o 
Info: Nothing to build for ASS2_EX7
Info: Nothing to build for ASS1_EX1
Info: Nothing to build for ASS1_EX2
Info: Nothing to build for ASS1_EX3
Info: Nothing to build for ASS1_EX4
Info: Nothing to build for ASS1_EX5
Info: Nothing to build for ASS1_EX6
Info: Nothing to build for ASS2_EX1
Info: Nothing to build for ASS2_EX2
Info: Nothing to build for ASS2_EX3
Info: Nothing to build for ASS2_EX4
Info: Nothing to build for ASS2_EX5
Info: Nothing to build for ASS2_EX6
11:59:35 **** Incremental Build of configuration Debug for project ASS2_EX7 ****
Info: Internal Builder is used for build
gcc -O0 -g3 -Wall -c -fmessage-length=0 -o ex7main.o "..\\ex7main.c" 
gcc -o ASS2_EX7.exe ex7main.o 
c:/mingw/bin/../lib/gcc/mingw32/6.3.0/../../../../mingw32/bin/ld.exe: cannot open output file ASS2_EX7.exe: Permission denied
collect2.exe: error: ld returned 1 exit status
11:59:38 **** Incremental Build of configuration Debug for project ASS2_EX7 ****
Info: Internal Builder is used for build
gcc -o ASS2_EX7.exe ex7main.o 
c:/mingw/bin/../lib/gcc/mingw32/6.3.0/../../../../mingw32/bin/ld.exe: cannot open output file ASS2_EX7.exe: Permission denied
collect2.exe: error: ld returned 1 exit status
Info: Nothing to build for ASS1_EX1
Info: Nothing to build for ASS1_EX2
Info: Nothing to build for ASS1_EX3
Info: Nothing to build for ASS1_EX4
Info: Nothing to build for ASS1_EX5
Info: Nothing to build for ASS1_EX6
Info: Nothing to build for ASS2_EX1
Info: Nothing to build for ASS2_EX2
Info: Nothing to build for ASS2_EX3
Info: Nothing to build for ASS2_EX4
Info: Nothing to build for ASS2_EX5
Info: Nothing to build for ASS2_EX6
12:00:22 **** Incremental Build of configuration Debug for project ASS2_EX7 ****
Info: Internal Builder is used for build
gcc -o ASS2_EX7.exe ex7main.o 
Info: Nothing to build for ASS2_EX7
Info: Nothing to build for ASS1_EX1
Info: Nothing to build for ASS1_EX2
Info: Nothing to build for ASS1_EX3
Info: Nothing to build for ASS1_EX4
Info: Nothing to build for ASS1_EX5
Info: Nothing to build for ASS1_EX6
Info: Nothing to build for ASS2_EX1
Info: Nothing to build for ASS2_EX2
Info: Nothing to build for ASS2_EX3
Info: Nothing to build for ASS2_EX4
Info: Nothing to build for ASS2_EX5
Info: Nothing to build for ASS2_EX6
Info: Nothing to build for ASS2_EX7
19:36:26 **** Rebuild of configuration Debug for project ASS2_EX8 ****
Info: Internal Builder is used for build
gcc -O0 -g3 -Wall -c -fmessage-length=0 -o ex8main.o "..\\ex8main.c" 
..\ex8main.c: In function 'main':
..\ex8main.c:21:11: warning: format '%f' expects argument of type 'float *', but argument 2 has type 'int *' [-Wformat=]
   scanf("%f %f", &a, &b);
           ^
..\ex8main.c:21:14: warning: format '%f' expects argument of type 'float *', but argument 3 has type 'int *' [-Wformat=]
   scanf("%f %f", &a, &b);
              ^
..\ex8main.c:23:3: warning: implicit declaration of function 'Calculator' [-Wimplicit-function-declaration]
   Calculator(a, b, x);
   ^~~~~~~~~~
..\ex8main.c: At top level:
..\ex8main.c:26:6: warning: conflicting types for 'Calculator'
 void Calculator(float FirstNumber, float SecondNumber, char operation)
      ^~~~~~~~~~
..\ex8main.c:23:3: note: previous implicit declaration of 'Calculator' was here
   Calculator(a, b, x);
   ^~~~~~~~~~
..\ex8main.c: In function 'Calculator':
..\ex8main.c:31:8: warning: multi-character character constant [-Wmultichar]
   case 'ADD' :
        ^~~~~
..\ex8main.c:31:3: warning: case label value exceeds maximum value for type
   case 'ADD' :
   ^~~~
gcc -o ASS2_EX8.exe ex8main.o 
Info: Nothing to build for ASS1_EX1
Info: Nothing to build for ASS1_EX2
Info: Nothing to build for ASS1_EX3
Info: Nothing to build for ASS1_EX4
Info: Nothing to build for ASS1_EX5
Info: Nothing to build for ASS1_EX6
Info: Nothing to build for ASS2_EX1
Info: Nothing to build for ASS2_EX2
Info: Nothing to build for ASS2_EX3
Info: Nothing to build for ASS2_EX4
Info: Nothing to build for ASS2_EX5
Info: Nothing to build for ASS2_EX6
Info: Nothing to build for ASS2_EX7
19:37:06 **** Incremental Build of configuration Debug for project ASS2_EX8 ****
Info: Internal Builder is used for build
gcc -O0 -g3 -Wall -c -fmessage-length=0 -o ex8main.o "..\\ex8main.c" 
..\ex8main.c: In function 'Calculator':
..\ex8main.c:33:8: warning: multi-character character constant [-Wmultichar]
   case 'ADD' :
        ^~~~~
..\ex8main.c:33:3: warning: case label value exceeds maximum value for type
   case 'ADD' :
   ^~~~
gcc -o ASS2_EX8.exe ex8main.o 
Info: Nothing to build for ASS1_EX1
Info: Nothing to build for ASS1_EX2
Info: Nothing to build for ASS1_EX3
Info: Nothing to build for ASS1_EX4
Info: Nothing to build for ASS1_EX5
Info: Nothing to build for ASS1_EX6
Info: Nothing to build for ASS2_EX1
Info: Nothing to build for ASS2_EX2
Info: Nothing to build for ASS2_EX3
Info: Nothing to build for ASS2_EX4
Info: Nothing to build for ASS2_EX5
Info: Nothing to build for ASS2_EX6
Info: Nothing to build for ASS2_EX7
19:41:21 **** Incremental Build of configuration Debug for project ASS2_EX8 ****
Info: Internal Builder is used for build
gcc -O0 -g3 -Wall -c -fmessage-length=0 -o ex8main.o "..\\ex8main.c" 
..\ex8main.c: In function 'Calculator':
..\ex8main.c:33:8: warning: multi-character character constant [-Wmultichar]
   case 'ADD' :
        ^~~~~
..\ex8main.c:33:3: warning: case label value exceeds maximum value for type
   case 'ADD' :
   ^~~~
gcc -o ASS2_EX8.exe ex8main.o 
Info: Nothing to build for ASS1_EX1
Info: Nothing to build for ASS1_EX2
Info: Nothing to build for ASS1_EX3
Info: Nothing to build for ASS1_EX4
Info: Nothing to build for ASS1_EX5
Info: Nothing to build for ASS1_EX6
Info: Nothing to build for ASS2_EX1
Info: Nothing to build for ASS2_EX2
Info: Nothing to build for ASS2_EX3
Info: Nothing to build for ASS2_EX4
Info: Nothing to build for ASS2_EX5
Info: Nothing to build for ASS2_EX6
Info: Nothing to build for ASS2_EX7
19:43:44 **** Incremental Build of configuration Debug for project ASS2_EX8 ****
Info: Internal Builder is used for build
gcc -O0 -g3 -Wall -c -fmessage-length=0 -o ex8main.o "..\\ex8main.c" 
gcc -o ASS2_EX8.exe ex8main.o 
Info: Nothing to build for ASS1_EX1
Info: Nothing to build for ASS1_EX2
Info: Nothing to build for ASS1_EX3
Info: Nothing to build for ASS1_EX4
Info: Nothing to build for ASS1_EX5
Info: Nothing to build for ASS1_EX6
Info: Nothing to build for ASS2_EX1
Info: Nothing to build for ASS2_EX2
Info: Nothing to build for ASS2_EX3
Info: Nothing to build for ASS2_EX4
Info: Nothing to build for ASS2_EX5
Info: Nothing to build for ASS2_EX6
Info: Nothing to build for ASS2_EX7
Info: Nothing to build for ASS2_EX8
Info: Nothing to build for ASS2_EX8
Info: Nothing to build for ASS1_EX1
Info: Nothing to build for ASS1_EX2
Info: Nothing to build for ASS1_EX3
Info: Nothing to build for ASS1_EX4
Info: Nothing to build for ASS1_EX5
Info: Nothing to build for ASS1_EX6
Info: Nothing to build for ASS2_EX1
Info: Nothing to build for ASS2_EX2
Info: Nothing to build for ASS2_EX3
Info: Nothing to build for ASS2_EX4
Info: Nothing to build for ASS2_EX5
Info: Nothing to build for ASS2_EX6
Info: Nothing to build for ASS2_EX7
19:46:45 **** Incremental Build of configuration Debug for project ASS2_EX8 ****
Info: Internal Builder is used for build
gcc -O0 -g3 -Wall -c -fmessage-length=0 -o ex8main.o "..\\ex8main.c" 
gcc -o ASS2_EX8.exe ex8main.o 
c:/mingw/bin/../lib/gcc/mingw32/6.3.0/../../../../mingw32/bin/ld.exe: cannot open output file ASS2_EX8.exe: Permission denied
collect2.exe: error: ld returned 1 exit status
Info: Nothing to build for ASS1_EX1
Info: Nothing to build for ASS1_EX2
Info: Nothing to build for ASS1_EX3
Info: Nothing to build for ASS1_EX4
Info: Nothing to build for ASS1_EX5
Info: Nothing to build for ASS1_EX6
Info: Nothing to build for ASS2_EX1
Info: Nothing to build for ASS2_EX2
Info: Nothing to build for ASS2_EX3
Info: Nothing to build for ASS2_EX4
Info: Nothing to build for ASS2_EX5
Info: Nothing to build for ASS2_EX6
Info: Nothing to build for ASS2_EX7
08:43:20 **** Incremental Build of configuration Debug for project ASS2_EX8 ****
Info: Internal Builder is used for build
gcc -o ASS2_EX8.exe ex8main.o 
Info: Nothing to build for ASS2_EX8
Info: Nothing to build for ASS1_EX1
Info: Nothing to build for ASS1_EX2
Info: Nothing to build for ASS1_EX3
Info: Nothing to build for ASS1_EX4
Info: Nothing to build for ASS1_EX5
Info: Nothing to build for ASS1_EX6
Info: Nothing to build for ASS2_EX1
Info: Nothing to build for ASS2_EX2
Info: Nothing to build for ASS2_EX3
Info: Nothing to build for ASS2_EX4
Info: Nothing to build for ASS2_EX5
Info: Nothing to build for ASS2_EX6
Info: Nothing to build for ASS2_EX7
08:46:05 **** Incremental Build of configuration Debug for project ASS2_EX8 ****
Info: Internal Builder is used for build
gcc -O0 -g3 -Wall -c -fmessage-length=0 -o ex8main.o "..\\ex8main.c" 
..\ex8main.c: In function 'Calculator':
..\ex8main.c:34:2: error: case label does not reduce to an integer constant
  case ADD :
  ^~~~
Info: Nothing to build for ASS1_EX1
Info: Nothing to build for ASS1_EX2
Info: Nothing to build for ASS1_EX3
Info: Nothing to build for ASS1_EX4
Info: Nothing to build for ASS1_EX5
Info: Nothing to build for ASS1_EX6
Info: Nothing to build for ASS2_EX1
Info: Nothing to build for ASS2_EX2
Info: Nothing to build for ASS2_EX3
Info: Nothing to build for ASS2_EX4
Info: Nothing to build for ASS2_EX5
Info: Nothing to build for ASS2_EX6
Info: Nothing to build for ASS2_EX7
08:49:28 **** Incremental Build of configuration Debug for project ASS2_EX8 ****
Info: Internal Builder is used for build
gcc -O0 -g3 -Wall -c -fmessage-length=0 -o ex8main.o "..\\ex8main.c" 
..\ex8main.c: In function 'Calculator':
..\ex8main.c:3:15: error: expected expression before ')' token
 #define ADD (+)
               ^
..\ex8main.c:34:7: note: in expansion of macro 'ADD'
  case ADD :
       ^~~
Info: Nothing to build for ASS1_EX1
Info: Nothing to build for ASS1_EX2
Info: Nothing to build for ASS1_EX3
Info: Nothing to build for ASS1_EX4
Info: Nothing to build for ASS1_EX5
Info: Nothing to build for ASS1_EX6
Info: Nothing to build for ASS2_EX1
Info: Nothing to build for ASS2_EX2
Info: Nothing to build for ASS2_EX3
Info: Nothing to build for ASS2_EX4
Info: Nothing to build for ASS2_EX5
Info: Nothing to build for ASS2_EX6
Info: Nothing to build for ASS2_EX7
08:50:02 **** Incremental Build of configuration Debug for project ASS2_EX8 ****
Info: Internal Builder is used for build
gcc -O0 -g3 -Wall -c -fmessage-length=0 -o ex8main.o "..\\ex8main.c" 
gcc -o ASS2_EX8.exe ex8main.o 
c:/mingw/bin/../lib/gcc/mingw32/6.3.0/../../../../mingw32/bin/ld.exe: cannot open output file ASS2_EX8.exe: Permission denied
collect2.exe: error: ld returned 1 exit status
08:50:06 **** Incremental Build of configuration Debug for project ASS2_EX8 ****
Info: Internal Builder is used for build
gcc -o ASS2_EX8.exe ex8main.o 
c:/mingw/bin/../lib/gcc/mingw32/6.3.0/../../../../mingw32/bin/ld.exe: cannot open output file ASS2_EX8.exe: Permission denied
collect2.exe: error: ld returned 1 exit status
Info: Nothing to build for ASS1_EX1
Info: Nothing to build for ASS1_EX2
Info: Nothing to build for ASS1_EX3
Info: Nothing to build for ASS1_EX4
Info: Nothing to build for ASS1_EX5
Info: Nothing to build for ASS1_EX6
Info: Nothing to build for ASS2_EX1
Info: Nothing to build for ASS2_EX2
Info: Nothing to build for ASS2_EX3
Info: Nothing to build for ASS2_EX4
Info: Nothing to build for ASS2_EX5
Info: Nothing to build for ASS2_EX6
Info: Nothing to build for ASS2_EX7
08:50:45 **** Incremental Build of configuration Debug for project ASS2_EX8 ****
Info: Internal Builder is used for build
gcc -O0 -g3 -Wall -c -fmessage-length=0 -o ex8main.o "..\\ex8main.c" 
gcc -o ASS2_EX8.exe ex8main.o 
c:/mingw/bin/../lib/gcc/mingw32/6.3.0/../../../../mingw32/bin/ld.exe: cannot open output file ASS2_EX8.exe: Permission denied
collect2.exe: error: ld returned 1 exit status
Info: Nothing to build for ASS1_EX1
Info: Nothing to build for ASS1_EX2
Info: Nothing to build for ASS1_EX3
Info: Nothing to build for ASS1_EX4
Info: Nothing to build for ASS1_EX5
Info: Nothing to build for ASS1_EX6
Info: Nothing to build for ASS2_EX1
Info: Nothing to build for ASS2_EX2
Info: Nothing to build for ASS2_EX3
Info: Nothing to build for ASS2_EX4
Info: Nothing to build for ASS2_EX5
Info: Nothing to build for ASS2_EX6
Info: Nothing to build for ASS2_EX7
08:50:53 **** Incremental Build of configuration Debug for project ASS2_EX8 ****
Info: Internal Builder is used for build
gcc -o ASS2_EX8.exe ex8main.o 
c:/mingw/bin/../lib/gcc/mingw32/6.3.0/../../../../mingw32/bin/ld.exe: cannot open output file ASS2_EX8.exe: Permission denied
collect2.exe: error: ld returned 1 exit status
08:50:55 **** Incremental Build of configuration Debug for project ASS2_EX8 ****
Info: Internal Builder is used for build
gcc -o ASS2_EX8.exe ex8main.o 
c:/mingw/bin/../lib/gcc/mingw32/6.3.0/../../../../mingw32/bin/ld.exe: cannot open output file ASS2_EX8.exe: Permission denied
collect2.exe: error: ld returned 1 exit status
Info: Nothing to build for ASS1_EX1
Info: Nothing to build for ASS1_EX2
Info: Nothing to build for ASS1_EX3
Info: Nothing to build for ASS1_EX4
Info: Nothing to build for ASS1_EX5
Info: Nothing to build for ASS1_EX6
Info: Nothing to build for ASS2_EX1
Info: Nothing to build for ASS2_EX2
Info: Nothing to build for ASS2_EX3
Info: Nothing to build for ASS2_EX4
Info: Nothing to build for ASS2_EX5
Info: Nothing to build for ASS2_EX6
Info: Nothing to build for ASS2_EX7
08:52:07 **** Incremental Build of configuration Debug for project ASS2_EX8 ****
Info: Internal Builder is used for build
gcc -O0 -g3 -Wall -c -fmessage-length=0 -o ex8main.o "..\\ex8main.c" 
gcc -o ASS2_EX8.exe ex8main.o 
c:/mingw/bin/../lib/gcc/mingw32/6.3.0/../../../../mingw32/bin/ld.exe: cannot open output file ASS2_EX8.exe: Permission denied
collect2.exe: error: ld returned 1 exit status
Info: Nothing to build for ASS1_EX1
Info: Nothing to build for ASS1_EX2
Info: Nothing to build for ASS1_EX3
Info: Nothing to build for ASS1_EX4
Info: Nothing to build for ASS1_EX5
Info: Nothing to build for ASS1_EX6
Info: Nothing to build for ASS2_EX1
Info: Nothing to build for ASS2_EX2
Info: Nothing to build for ASS2_EX3
Info: Nothing to build for ASS2_EX4
Info: Nothing to build for ASS2_EX5
Info: Nothing to build for ASS2_EX6
Info: Nothing to build for ASS2_EX7
08:53:21 **** Incremental Build of configuration Debug for project ASS2_EX8 ****
Info: Internal Builder is used for build
gcc -o ASS2_EX8.exe ex8main.o 
08:53:22 **** Rebuild of configuration Debug for project ASS2_EX88 ****
Info: Internal Builder is used for build
gcc -O0 -g3 -Wall -c -fmessage-length=0 -o ex8main.o "..\\ex8main.c" 
gcc -o ASS2_EX88.exe ex8main.o 
c:/mingw/bin/../lib/gcc/mingw32/6.3.0/../../../libmingw32.a(main.o):(.text.startup+0xa0): undefined reference to `WinMain@16'
collect2.exe: error: ld returned 1 exit status
Info: Nothing to build for ASS2_EX8
Info: Nothing to build for ASS1_EX1
Info: Nothing to build for ASS1_EX2
Info: Nothing to build for ASS1_EX3
Info: Nothing to build for ASS1_EX4
Info: Nothing to build for ASS1_EX5
Info: Nothing to build for ASS1_EX6
Info: Nothing to build for ASS2_EX1
Info: Nothing to build for ASS2_EX2
Info: Nothing to build for ASS2_EX3
Info: Nothing to build for ASS2_EX4
Info: Nothing to build for ASS2_EX5
Info: Nothing to build for ASS2_EX6
Info: Nothing to build for ASS2_EX7
08:54:10 **** Incremental Build of configuration Debug for project ASS2_EX8 ****
Info: Internal Builder is used for build
gcc -O0 -g3 -Wall -c -fmessage-length=0 -o ex8main.o "..\\ex8main.c" 
gcc -o ASS2_EX8.exe ex8main.o 
c:/mingw/bin/../lib/gcc/mingw32/6.3.0/../../../../mingw32/bin/ld.exe: cannot open output file ASS2_EX8.exe: Permission denied
collect2.exe: error: ld returned 1 exit status
08:54:10 **** Incremental Build of configuration Debug for project ASS2_EX88 ****
Info: Internal Builder is used for build
gcc -o ASS2_EX88.exe ex8main.o 
c:/mingw/bin/../lib/gcc/mingw32/6.3.0/../../../libmingw32.a(main.o):(.text.startup+0xa0): undefined reference to `WinMain@16'
collect2.exe: error: ld returned 1 exit status
08:54:13 **** Incremental Build of configuration Debug for project ASS2_EX8 ****
Info: Internal Builder is used for build
gcc -o ASS2_EX8.exe ex8main.o 
c:/mingw/bin/../lib/gcc/mingw32/6.3.0/../../../../mingw32/bin/ld.exe: cannot open output file ASS2_EX8.exe: Permission denied
collect2.exe: error: ld returned 1 exit status
Info: Nothing to build for ASS1_EX1
Info: Nothing to build for ASS1_EX2
Info: Nothing to build for ASS1_EX3
Info: Nothing to build for ASS1_EX4
Info: Nothing to build for ASS1_EX5
Info: Nothing to build for ASS1_EX6
Info: Nothing to build for ASS2_EX1
Info: Nothing to build for ASS2_EX2
Info: Nothing to build for ASS2_EX3
Info: Nothing to build for ASS2_EX4
Info: Nothing to build for ASS2_EX5
Info: Nothing to build for ASS2_EX6
Info: Nothing to build for ASS2_EX7
08:54:42 **** Incremental Build of configuration Debug for project ASS2_EX8 ****
Info: Internal Builder is used for build
gcc -o ASS2_EX8.exe ex8main.o 
08:54:43 **** Incremental Build of configuration Debug for project ASS2_EX88 ****
Info: Internal Builder is used for build
gcc -o ASS2_EX88.exe ex8main.o 
c:/mingw/bin/../lib/gcc/mingw32/6.3.0/../../../libmingw32.a(main.o):(.text.startup+0xa0): undefined reference to `WinMain@16'
collect2.exe: error: ld returned 1 exit status
Info: Nothing to build for ASS2_EX8
Info: Nothing to build for ASS1_EX1
Info: Nothing to build for ASS1_EX2
Info: Nothing to build for ASS1_EX3
Info: Nothing to build for ASS1_EX4
Info: Nothing to build for ASS1_EX5
Info: Nothing to build for ASS1_EX6
Info: Nothing to build for ASS2_EX1
Info: Nothing to build for ASS2_EX2
Info: Nothing to build for ASS2_EX3
Info: Nothing to build for ASS2_EX4
Info: Nothing to build for ASS2_EX5
Info: Nothing to build for ASS2_EX6
Info: Nothing to build for ASS2_EX7
08:56:39 **** Incremental Build of configuration Debug for project ASS2_EX8 ****
Info: Internal Builder is used for build
gcc -O0 -g3 -Wall -c -fmessage-length=0 -o ex8main.o "..\\ex8main.c" 
gcc -o ASS2_EX8.exe ex8main.o 
c:/mingw/bin/../lib/gcc/mingw32/6.3.0/../../../../mingw32/bin/ld.exe: cannot open output file ASS2_EX8.exe: Permission denied
collect2.exe: error: ld returned 1 exit status
08:56:46 **** Incremental Build of configuration Debug for project ASS2_EX8 ****
Info: Internal Builder is used for build
gcc -o ASS2_EX8.exe ex8main.o 
c:/mingw/bin/../lib/gcc/mingw32/6.3.0/../../../../mingw32/bin/ld.exe: cannot open output file ASS2_EX8.exe: Permission denied
collect2.exe: error: ld returned 1 exit status
Info: Nothing to build for ASS1_EX1
Info: Nothing to build for ASS1_EX2
Info: Nothing to build for ASS1_EX3
Info: Nothing to build for ASS1_EX4
Info: Nothing to build for ASS1_EX5
Info: Nothing to build for ASS1_EX6
Info: Nothing to build for ASS2_EX1
Info: Nothing to build for ASS2_EX2
Info: Nothing to build for ASS2_EX3
Info: Nothing to build for ASS2_EX4
Info: Nothing to build for ASS2_EX5
Info: Nothing to build for ASS2_EX6
Info: Nothing to build for ASS2_EX7
08:57:13 **** Incremental Build of configuration Debug for project ASS2_EX8 ****
Info: Internal Builder is used for build
gcc -o ASS2_EX8.exe ex8main.o 
Info: Nothing to build for ASS2_EX8
Info: Nothing to build for ASS1_EX1
Info: Nothing to build for ASS1_EX2
Info: Nothing to build for ASS1_EX3
Info: Nothing to build for ASS1_EX4
Info: Nothing to build for ASS1_EX5
Info: Nothing to build for ASS1_EX6
Info: Nothing to build for ASS2_EX1
Info: Nothing to build for ASS2_EX2
Info: Nothing to build for ASS2_EX3
Info: Nothing to build for ASS2_EX4
Info: Nothing to build for ASS2_EX5
Info: Nothing to build for ASS2_EX6
Info: Nothing to build for ASS2_EX7
08:58:16 **** Incremental Build of configuration Debug for project ASS2_EX8 ****
Info: Internal Builder is used for build
gcc -O0 -g3 -Wall -c -fmessage-length=0 -o ex8main.o "..\\ex8main.c" 
gcc -o ASS2_EX8.exe ex8main.o 
c:/mingw/bin/../lib/gcc/mingw32/6.3.0/../../../../mingw32/bin/ld.exe: cannot open output file ASS2_EX8.exe: Permission denied
collect2.exe: error: ld returned 1 exit status
08:58:20 **** Incremental Build of configuration Debug for project ASS2_EX8 ****
Info: Internal Builder is used for build
gcc -o ASS2_EX8.exe ex8main.o 
c:/mingw/bin/../lib/gcc/mingw32/6.3.0/../../../../mingw32/bin/ld.exe: cannot open output file ASS2_EX8.exe: Permission denied
collect2.exe: error: ld returned 1 exit status
Info: Nothing to build for ASS1_EX1
Info: Nothing to build for ASS1_EX2
Info: Nothing to build for ASS1_EX3
Info: Nothing to build for ASS1_EX4
Info: Nothing to build for ASS1_EX5
Info: Nothing to build for ASS1_EX6
Info: Nothing to build for ASS2_EX1
Info: Nothing to build for ASS2_EX2
Info: Nothing to build for ASS2_EX3
Info: Nothing to build for ASS2_EX4
Info: Nothing to build for ASS2_EX5
Info: Nothing to build for ASS2_EX6
Info: Nothing to build for ASS2_EX7
08:58:50 **** Incremental Build of configuration Debug for project ASS2_EX8 ****
Info: Internal Builder is used for build
gcc -o ASS2_EX8.exe ex8main.o 
Info: Nothing to build for ASS2_EX8
